17:18:04:733  INFO 20088 --- [main] com.hmall.user.UserApplication           : Starting UserApplication using Java 20.0.2 on LAPTOP-PL8KLKL2 with PID 20088 (D:\IDEA\workspace\hmall\user-service\target\classes started by pengmouren in D:\IDEA\workspace\hmall)
17:18:04:736 DEBUG 20088 --- [main] com.hmall.user.UserApplication           : Running with Spring Boot v2.7.12, Spring v5.3.27
17:18:04:736  INFO 20088 --- [main] com.hmall.user.UserApplication           : The following 1 profile is active: "local"
17:18:05:489  INFO 20088 --- [main] o.s.cloud.context.scope.GenericScope     : BeanFactory id=7ba786e5-df82-3b20-9e79-96b4da5ffa4d
17:18:05:812  INFO 20088 --- [main] o.s.b.w.embedded.tomcat.TomcatWebServer  : Tomcat initialized with port(s): 8084 (http)
17:18:05:813  INFO 20088 --- [main] o.a.catalina.core.AprLifecycleListener   : Loaded Apache Tomcat Native library [2.0.7] using APR version [1.7.4].
17:18:05:813  INFO 20088 --- [main] o.a.catalina.core.AprLifecycleListener   : APR capabilities: IPv6 [true], sendfile [true], accept filters [false], random [true], UDS [true].
17:18:05:813  INFO 20088 --- [main] o.a.catalina.core.AprLifecycleListener   : APR/OpenSSL configuration: useAprConnector [false], useOpenSSL [true]
17:18:05:828  INFO 20088 --- [main] o.a.catalina.core.AprLifecycleListener   : OpenSSL successfully initialized [OpenSSL 3.0.13 30 Jan 2024]
17:18:05:834  INFO 20088 --- [main] o.apache.catalina.core.StandardService   : Starting service [Tomcat]
17:18:05:835  INFO 20088 --- [main] org.apache.catalina.core.StandardEngine  : Starting Servlet engine: [Apache Tomcat/9.0.75]
17:18:05:935  INFO 20088 --- [main] o.a.c.c.C.[Tomcat].[localhost].[/]       : Initializing Spring embedded WebApplicationContext
17:18:05:936  INFO 20088 --- [main] w.s.c.ServletWebServerApplicationContext : Root WebApplicationContext: initialization completed in 1149 ms
17:18:07:077  INFO 20088 --- [main] pertySourcedRequestMappingHandlerMapping : Mapped URL path [/v2/api-docs] onto method [springfox.documentation.swagger2.web.Swagger2ControllerWebMvc#getDocumentation(String, HttpServletRequest)]
17:18:07:397  INFO 20088 --- [main] com.alibaba.nacos.common.remote.client   : [RpcClientFactory] create a new rpc client of 729b2fab-92e5-4f7a-bb23-c2a6159dfe03
17:18:07:448  INFO 20088 --- [main] org.reflections.Reflections              : Reflections took 22 ms to scan 1 urls, producing 3 keys and 6 values 
17:18:07:467  INFO 20088 --- [main] org.reflections.Reflections              : Reflections took 7 ms to scan 1 urls, producing 4 keys and 9 values 
17:18:07:475  INFO 20088 --- [main] org.reflections.Reflections              : Reflections took 6 ms to scan 1 urls, producing 3 keys and 10 values 
17:18:07:477  WARN 20088 --- [main] org.reflections.Reflections              : given scan urls are empty. set urls in the configuration
17:18:07:483  INFO 20088 --- [main] org.reflections.Reflections              : Reflections took 6 ms to scan 1 urls, producing 1 keys and 5 values 
17:18:07:489  INFO 20088 --- [main] org.reflections.Reflections              : Reflections took 5 ms to scan 1 urls, producing 1 keys and 7 values 
17:18:07:497  INFO 20088 --- [main] org.reflections.Reflections              : Reflections took 5 ms to scan 1 urls, producing 2 keys and 8 values 
17:18:07:498  WARN 20088 --- [main] org.reflections.Reflections              : given scan urls are empty. set urls in the configuration
17:18:07:499  INFO 20088 --- [main] com.alibaba.nacos.common.remote.client   : [729b2fab-92e5-4f7a-bb23-c2a6159dfe03] RpcClient init label, labels = {module=naming, source=sdk}
17:18:07:500  INFO 20088 --- [main] com.alibaba.nacos.common.remote.client   : [729b2fab-92e5-4f7a-bb23-c2a6159dfe03] RpcClient init, ServerListFactory = com.alibaba.nacos.client.naming.core.ServerListManager
17:18:07:500  INFO 20088 --- [main] com.alibaba.nacos.common.remote.client   : [729b2fab-92e5-4f7a-bb23-c2a6159dfe03] Registry connection listener to current client:com.alibaba.nacos.client.naming.remote.gprc.redo.NamingGrpcRedoService
17:18:07:500  INFO 20088 --- [main] com.alibaba.nacos.common.remote.client   : [729b2fab-92e5-4f7a-bb23-c2a6159dfe03] Register server push request handler:com.alibaba.nacos.client.naming.remote.gprc.NamingPushRequestHandler
17:18:07:501  INFO 20088 --- [main] com.alibaba.nacos.common.remote.client   : [729b2fab-92e5-4f7a-bb23-c2a6159dfe03] Try to connect to server on start up, server: {serverIp = '192.168.86.130', server main port = 8848}
17:18:08:494  INFO 20088 --- [main] com.alibaba.nacos.common.remote.client   : [729b2fab-92e5-4f7a-bb23-c2a6159dfe03] Success to connect to server [192.168.86.130:8848] on start up, connectionId = 1716628688731_192.168.86.131_51028
17:18:08:495  INFO 20088 --- [com.alibaba.nacos.client.remote.worker] com.alibaba.nacos.common.remote.client   : [729b2fab-92e5-4f7a-bb23-c2a6159dfe03] Notify connected event to listeners.
17:18:08:496  INFO 20088 --- [main] com.alibaba.nacos.common.remote.client   : [729b2fab-92e5-4f7a-bb23-c2a6159dfe03] Register server push request handler:com.alibaba.nacos.common.remote.client.RpcClient$ConnectResetRequestHandler
17:18:08:496  INFO 20088 --- [main] com.alibaba.nacos.common.remote.client   : [729b2fab-92e5-4f7a-bb23-c2a6159dfe03] Register server push request handler:com.alibaba.nacos.common.remote.client.RpcClient$$Lambda$989/0x000001601c001690
17:18:08:591  INFO 20088 --- [main] o.s.b.w.embedded.tomcat.TomcatWebServer  : Tomcat started on port(s): 8084 (http) with context path ''
17:18:08:606  INFO 20088 --- [main] c.a.c.n.registry.NacosServiceRegistry    : nacos registry, DEFAULT_GROUP user-service 192.168.86.131:8084 register finished
17:18:08:782  INFO 20088 --- [main] d.s.w.p.DocumentationPluginsBootstrapper : Documentation plugins bootstrapped
17:18:08:784  INFO 20088 --- [main] d.s.w.p.DocumentationPluginsBootstrapper : Found 1 custom documentation plugin(s)
17:18:08:800  INFO 20088 --- [main] s.d.s.w.s.ApiListingReferenceScanner     : Scanning for api listing references
17:18:08:879  INFO 20088 --- [main] com.hmall.user.UserApplication           : Started UserApplication in 4.7 seconds (JVM running for 5.299)
17:18:09:074  INFO 20088 --- [nacos-grpc-client-executor-9] com.alibaba.nacos.common.remote.client   : [729b2fab-92e5-4f7a-bb23-c2a6159dfe03] Receive server push request, request = NotifySubscriberRequest, requestId = 1
17:18:09:077  INFO 20088 --- [nacos-grpc-client-executor-9] com.alibaba.nacos.common.remote.client   : [729b2fab-92e5-4f7a-bb23-c2a6159dfe03] Ack server push request, request = NotifySubscriberRequest, requestId = 1
17:18:14:445  INFO 20088 --- [http-nio-8084-exec-1] o.a.c.c.C.[Tomcat].[localhost].[/]       : Initializing Spring DispatcherServlet 'dispatcherServlet'
17:18:14:445  INFO 20088 --- [http-nio-8084-exec-1] o.s.web.servlet.DispatcherServlet        : Initializing Servlet 'dispatcherServlet'
17:18:14:447  INFO 20088 --- [http-nio-8084-exec-1] o.s.web.servlet.DispatcherServlet        : Completed initialization in 2 ms
17:18:30:222  WARN 20088 --- [http-nio-8084-exec-7] c.b.m.c.t.support.ReflectLambdaMeta      : Unable to make field private final java.lang.Class java.lang.invoke.SerializedLambda.capturingClass accessible: module java.base does not "opens java.lang.invoke" to unnamed module @3eb738bb
17:18:30:246  INFO 20088 --- [http-nio-8084-exec-7] com.zaxxer.hikari.HikariDataSource       : HikariPool-1 - Starting...
17:18:30:664  INFO 20088 --- [http-nio-8084-exec-7] com.zaxxer.hikari.HikariDataSource       : HikariPool-1 - Start completed.
17:18:30:675 DEBUG 20088 --- [http-nio-8084-exec-7] c.h.user.mapper.UserMapper.selectList    : ==>  Preparing: SELECT id,username,password,phone,create_time,update_time,status,balance FROM user WHERE (username = ?)
17:18:30:708 DEBUG 20088 --- [http-nio-8084-exec-7] c.h.user.mapper.UserMapper.selectList    : ==> Parameters: jack(String)
17:18:30:746 DEBUG 20088 --- [http-nio-8084-exec-7] c.h.user.mapper.UserMapper.selectList    : <==      Total: 1
17:19:37:678  INFO 20088 --- [http-nio-8084-exec-4] c.h.user.service.impl.UserServiceImpl    : 开始扣款
17:19:37:682 DEBUG 20088 --- [http-nio-8084-exec-4] c.h.user.mapper.UserMapper.selectById    : ==>  Preparing: SELECT id,username,password,phone,create_time,update_time,status,balance FROM user WHERE id=?
17:19:37:684 DEBUG 20088 --- [http-nio-8084-exec-4] c.h.user.mapper.UserMapper.selectById    : ==> Parameters: null
17:19:37:687 DEBUG 20088 --- [http-nio-8084-exec-4] c.h.user.mapper.UserMapper.selectById    : <==      Total: 0
17:19:37:706 ERROR 20088 --- [http-nio-8084-exec-4] o.a.c.c.C.[.[.[/].[dispatcherServlet]    : Servlet.service() for servlet [dispatcherServlet] in context with path [] threw exception [Request processing failed; nested exception is com.hmall.common.exception.BizIllegalException: 用户密码错误] with root cause

com.hmall.common.exception.BizIllegalException: 用户密码错误
	at com.hmall.user.service.impl.UserServiceImpl.deductMoney(UserServiceImpl.java:74) ~[classes/:na]
	at com.hmall.user.service.impl.UserServiceImpl$$FastClassBySpringCGLIB$$da72bc39.invoke(<generated>) ~[classes/:na]
	at org.springframework.cglib.proxy.MethodProxy.invoke(MethodProxy.java:218) ~[spring-core-5.3.27.jar:5.3.27]
	at org.springframework.aop.framework.CglibAopProxy.invokeMethod(CglibAopProxy.java:386) ~[spring-aop-5.3.27.jar:5.3.27]
	at org.springframework.aop.framework.CglibAopProxy.access$000(CglibAopProxy.java:85) ~[spring-aop-5.3.27.jar:5.3.27]
	at org.springframework.aop.framework.CglibAopProxy$DynamicAdvisedInterceptor.intercept(CglibAopProxy.java:704) ~[spring-aop-5.3.27.jar:5.3.27]
	at com.hmall.user.service.impl.UserServiceImpl$$EnhancerBySpringCGLIB$$57392c0c.deductMoney(<generated>) ~[classes/:na]
	at com.hmall.user.controller.UserController.deductMoney(UserController.java:35) ~[classes/:na]
	at java.base/jdk.internal.reflect.DirectMethodHandleAccessor.invoke(DirectMethodHandleAccessor.java:104) ~[na:na]
	at java.base/java.lang.reflect.Method.invoke(Method.java:578) ~[na:na]
	at org.springframework.web.method.support.InvocableHandlerMethod.doInvoke(InvocableHandlerMethod.java:205) ~[spring-web-5.3.27.jar:5.3.27]
	at org.springframework.web.method.support.InvocableHandlerMethod.invokeForRequest(InvocableHandlerMethod.java:150) ~[spring-web-5.3.27.jar:5.3.27]
	at org.springframework.web.servlet.mvc.method.annotation.ServletInvocableHandlerMethod.invokeAndHandle(ServletInvocableHandlerMethod.java:117) ~[spring-webmvc-5.3.27.jar:5.3.27]
	at org.springframework.web.servlet.mvc.method.annotation.RequestMappingHandlerAdapter.invokeHandlerMethod(RequestMappingHandlerAdapter.java:895) ~[spring-webmvc-5.3.27.jar:5.3.27]
	at org.springframework.web.servlet.mvc.method.annotation.RequestMappingHandlerAdapter.handleInternal(RequestMappingHandlerAdapter.java:808) ~[spring-webmvc-5.3.27.jar:5.3.27]
	at org.springframework.web.servlet.mvc.method.AbstractHandlerMethodAdapter.handle(AbstractHandlerMethodAdapter.java:87) ~[spring-webmvc-5.3.27.jar:5.3.27]
	at org.springframework.web.servlet.DispatcherServlet.doDispatch(DispatcherServlet.java:1072) ~[spring-webmvc-5.3.27.jar:5.3.27]
	at org.springframework.web.servlet.DispatcherServlet.doService(DispatcherServlet.java:965) ~[spring-webmvc-5.3.27.jar:5.3.27]
	at org.springframework.web.servlet.FrameworkServlet.processRequest(FrameworkServlet.java:1006) ~[spring-webmvc-5.3.27.jar:5.3.27]
	at org.springframework.web.servlet.FrameworkServlet.doPut(FrameworkServlet.java:920) ~[spring-webmvc-5.3.27.jar:5.3.27]
	at javax.servlet.http.HttpServlet.service(HttpServlet.java:558) ~[tomcat-embed-core-9.0.75.jar:4.0.FR]
	at org.springframework.web.servlet.FrameworkServlet.service(FrameworkServlet.java:883) ~[spring-webmvc-5.3.27.jar:5.3.27]
	at javax.servlet.http.HttpServlet.service(HttpServlet.java:623) ~[tomcat-embed-core-9.0.75.jar:4.0.FR]
	at org.apache.catalina.core.ApplicationFilterChain.internalDoFilter(ApplicationFilterChain.java:209) ~[tomcat-embed-core-9.0.75.jar:9.0.75]
	at org.apache.catalina.core.ApplicationFilterChain.doFilter(ApplicationFilterChain.java:153) ~[tomcat-embed-core-9.0.75.jar:9.0.75]
	at org.apache.tomcat.websocket.server.WsFilter.doFilter(WsFilter.java:51) ~[tomcat-embed-websocket-9.0.75.jar:9.0.75]
	at org.apache.catalina.core.ApplicationFilterChain.internalDoFilter(ApplicationFilterChain.java:178) ~[tomcat-embed-core-9.0.75.jar:9.0.75]
	at org.apache.catalina.core.ApplicationFilterChain.doFilter(ApplicationFilterChain.java:153) ~[tomcat-embed-core-9.0.75.jar:9.0.75]
	at org.springframework.web.filter.RequestContextFilter.doFilterInternal(RequestContextFilter.java:100) ~[spring-web-5.3.27.jar:5.3.27]
	at org.springframework.web.filter.OncePerRequestFilter.doFilter(OncePerRequestFilter.java:117) ~[spring-web-5.3.27.jar:5.3.27]
	at org.apache.catalina.core.ApplicationFilterChain.internalDoFilter(ApplicationFilterChain.java:178) ~[tomcat-embed-core-9.0.75.jar:9.0.75]
	at org.apache.catalina.core.ApplicationFilterChain.doFilter(ApplicationFilterChain.java:153) ~[tomcat-embed-core-9.0.75.jar:9.0.75]
	at org.springframework.web.filter.FormContentFilter.doFilterInternal(FormContentFilter.java:93) ~[spring-web-5.3.27.jar:5.3.27]
	at org.springframework.web.filter.OncePerRequestFilter.doFilter(OncePerRequestFilter.java:117) ~[spring-web-5.3.27.jar:5.3.27]
	at org.apache.catalina.core.ApplicationFilterChain.internalDoFilter(ApplicationFilterChain.java:178) ~[tomcat-embed-core-9.0.75.jar:9.0.75]
	at org.apache.catalina.core.ApplicationFilterChain.doFilter(ApplicationFilterChain.java:153) ~[tomcat-embed-core-9.0.75.jar:9.0.75]
	at org.springframework.web.filter.CharacterEncodingFilter.doFilterInternal(CharacterEncodingFilter.java:201) ~[spring-web-5.3.27.jar:5.3.27]
	at org.springframework.web.filter.OncePerRequestFilter.doFilter(OncePerRequestFilter.java:117) ~[spring-web-5.3.27.jar:5.3.27]
	at org.apache.catalina.core.ApplicationFilterChain.internalDoFilter(ApplicationFilterChain.java:178) ~[tomcat-embed-core-9.0.75.jar:9.0.75]
	at org.apache.catalina.core.ApplicationFilterChain.doFilter(ApplicationFilterChain.java:153) ~[tomcat-embed-core-9.0.75.jar:9.0.75]
	at org.apache.catalina.core.StandardWrapperValve.invoke(StandardWrapperValve.java:167) ~[tomcat-embed-core-9.0.75.jar:9.0.75]
	at org.apache.catalina.core.StandardContextValve.invoke(StandardContextValve.java:90) ~[tomcat-embed-core-9.0.75.jar:9.0.75]
	at org.apache.catalina.authenticator.AuthenticatorBase.invoke(AuthenticatorBase.java:481) ~[tomcat-embed-core-9.0.75.jar:9.0.75]
	at org.apache.catalina.core.StandardHostValve.invoke(StandardHostValve.java:130) ~[tomcat-embed-core-9.0.75.jar:9.0.75]
	at org.apache.catalina.valves.ErrorReportValve.invoke(ErrorReportValve.java:93) ~[tomcat-embed-core-9.0.75.jar:9.0.75]
	at org.apache.catalina.core.StandardEngineValve.invoke(StandardEngineValve.java:74) ~[tomcat-embed-core-9.0.75.jar:9.0.75]
	at org.apache.catalina.connector.CoyoteAdapter.service(CoyoteAdapter.java:343) ~[tomcat-embed-core-9.0.75.jar:9.0.75]
	at org.apache.coyote.http11.Http11Processor.service(Http11Processor.java:390) ~[tomcat-embed-core-9.0.75.jar:9.0.75]
	at org.apache.coyote.AbstractProcessorLight.process(AbstractProcessorLight.java:63) ~[tomcat-embed-core-9.0.75.jar:9.0.75]
	at org.apache.coyote.AbstractProtocol$ConnectionHandler.process(AbstractProtocol.java:926) ~[tomcat-embed-core-9.0.75.jar:9.0.75]
	at org.apache.tomcat.util.net.NioEndpoint$SocketProcessor.doRun(NioEndpoint.java:1791) ~[tomcat-embed-core-9.0.75.jar:9.0.75]
	at org.apache.tomcat.util.net.SocketProcessorBase.run(SocketProcessorBase.java:52) ~[tomcat-embed-core-9.0.75.jar:9.0.75]
	at org.apache.tomcat.util.threads.ThreadPoolExecutor.runWorker(ThreadPoolExecutor.java:1191) ~[tomcat-embed-core-9.0.75.jar:9.0.75]
	at org.apache.tomcat.util.threads.ThreadPoolExecutor$Worker.run(ThreadPoolExecutor.java:659) ~[tomcat-embed-core-9.0.75.jar:9.0.75]
	at org.apache.tomcat.util.threads.TaskThread$WrappingRunnable.run(TaskThread.java:61) ~[tomcat-embed-core-9.0.75.jar:9.0.75]
	at java.base/java.lang.Thread.run(Thread.java:1623) ~[na:na]

17:22:21:138  WARN 20088 --- [Thread-7] c.a.n.common.http.HttpClientBeanHolder   : [HttpClientBeanHolder] Start destroying common HttpClient
17:22:21:139  WARN 20088 --- [Thread-4] c.a.nacos.common.notify.NotifyCenter     : [NotifyCenter] Start destroying Publisher
17:22:21:139  WARN 20088 --- [Thread-4] c.a.nacos.common.notify.NotifyCenter     : [NotifyCenter] Destruction of the end
17:22:21:140  WARN 20088 --- [Thread-7] c.a.n.common.http.HttpClientBeanHolder   : [HttpClientBeanHolder] Destruction of the end
17:22:21:167  INFO 20088 --- [SpringApplicationShutdownHook] c.a.c.n.registry.NacosServiceRegistry    : De-registering from Nacos Server now...
17:22:21:171  INFO 20088 --- [SpringApplicationShutdownHook] c.a.c.n.registry.NacosServiceRegistry    : De-registration finished.
17:22:21:498  INFO 20088 --- [SpringApplicationShutdownHook] com.alibaba.nacos.common.remote.client   : Shutdown rpc client, set status to shutdown
17:22:21:498  INFO 20088 --- [SpringApplicationShutdownHook] com.alibaba.nacos.common.remote.client   : Shutdown client event executor java.util.concurrent.ScheduledThreadPoolExecutor@7097d921[Running, pool size = 2, active threads = 2, queued tasks = 0, completed tasks = 0]
17:22:21:498  INFO 20088 --- [SpringApplicationShutdownHook] com.alibaba.nacos.common.remote.client   : Close current connection 1716628688731_192.168.86.131_51028
17:22:21:500  INFO 20088 --- [nacos-grpc-client-executor-76] c.a.n.c.remote.client.grpc.GrpcClient    : [1716628688731_192.168.86.131_51028]Ignore complete event,isRunning:false,isAbandon=false
17:22:21:503  INFO 20088 --- [SpringApplicationShutdownHook] c.a.n.c.remote.client.grpc.GrpcClient    : Shutdown grpc executor java.util.concurrent.ThreadPoolExecutor@391e85df[Running, pool size = 5, active threads = 0, queued tasks = 0, completed tasks = 77]
17:22:21:507  INFO 20088 --- [SpringApplicationShutdownHook] com.zaxxer.hikari.HikariDataSource       : HikariPool-1 - Shutdown initiated...
17:22:21:517  INFO 20088 --- [SpringApplicationShutdownHook] com.zaxxer.hikari.HikariDataSource       : HikariPool-1 - Shutdown completed.
17:22:26:097  INFO 12632 --- [main] com.hmall.user.UserApplication           : Starting UserApplication using Java 20.0.2 on LAPTOP-PL8KLKL2 with PID 12632 (D:\IDEA\workspace\hmall\user-service\target\classes started by pengmouren in D:\IDEA\workspace\hmall)
17:22:26:099 DEBUG 12632 --- [main] com.hmall.user.UserApplication           : Running with Spring Boot v2.7.12, Spring v5.3.27
17:22:26:099  INFO 12632 --- [main] com.hmall.user.UserApplication           : The following 1 profile is active: "local"
17:22:26:830  INFO 12632 --- [main] o.s.cloud.context.scope.GenericScope     : BeanFactory id=7ba786e5-df82-3b20-9e79-96b4da5ffa4d
17:22:27:119  INFO 12632 --- [main] o.s.b.w.embedded.tomcat.TomcatWebServer  : Tomcat initialized with port(s): 8084 (http)
17:22:27:119  INFO 12632 --- [main] o.a.catalina.core.AprLifecycleListener   : Loaded Apache Tomcat Native library [2.0.7] using APR version [1.7.4].
17:22:27:119  INFO 12632 --- [main] o.a.catalina.core.AprLifecycleListener   : APR capabilities: IPv6 [true], sendfile [true], accept filters [false], random [true], UDS [true].
17:22:27:120  INFO 12632 --- [main] o.a.catalina.core.AprLifecycleListener   : APR/OpenSSL configuration: useAprConnector [false], useOpenSSL [true]
17:22:27:124  INFO 12632 --- [main] o.a.catalina.core.AprLifecycleListener   : OpenSSL successfully initialized [OpenSSL 3.0.13 30 Jan 2024]
17:22:27:129  INFO 12632 --- [main] o.apache.catalina.core.StandardService   : Starting service [Tomcat]
17:22:27:130  INFO 12632 --- [main] org.apache.catalina.core.StandardEngine  : Starting Servlet engine: [Apache Tomcat/9.0.75]
17:22:27:232  INFO 12632 --- [main] o.a.c.c.C.[Tomcat].[localhost].[/]       : Initializing Spring embedded WebApplicationContext
17:22:27:233  INFO 12632 --- [main] w.s.c.ServletWebServerApplicationContext : Root WebApplicationContext: initialization completed in 1098 ms
17:22:28:391  INFO 12632 --- [main] pertySourcedRequestMappingHandlerMapping : Mapped URL path [/v2/api-docs] onto method [springfox.documentation.swagger2.web.Swagger2ControllerWebMvc#getDocumentation(String, HttpServletRequest)]
17:22:28:717  INFO 12632 --- [main] com.alibaba.nacos.common.remote.client   : [RpcClientFactory] create a new rpc client of e63bec18-c880-4ca8-848a-191da641798a
17:22:28:762  INFO 12632 --- [main] org.reflections.Reflections              : Reflections took 19 ms to scan 1 urls, producing 3 keys and 6 values 
17:22:28:778  INFO 12632 --- [main] org.reflections.Reflections              : Reflections took 6 ms to scan 1 urls, producing 4 keys and 9 values 
17:22:28:784  INFO 12632 --- [main] org.reflections.Reflections              : Reflections took 4 ms to scan 1 urls, producing 3 keys and 10 values 
17:22:28:785  WARN 12632 --- [main] org.reflections.Reflections              : given scan urls are empty. set urls in the configuration
17:22:28:790  INFO 12632 --- [main] org.reflections.Reflections              : Reflections took 4 ms to scan 1 urls, producing 1 keys and 5 values 
17:22:28:797  INFO 12632 --- [main] org.reflections.Reflections              : Reflections took 5 ms to scan 1 urls, producing 1 keys and 7 values 
17:22:28:802  INFO 12632 --- [main] org.reflections.Reflections              : Reflections took 4 ms to scan 1 urls, producing 2 keys and 8 values 
17:22:28:803  WARN 12632 --- [main] org.reflections.Reflections              : given scan urls are empty. set urls in the configuration
17:22:28:805  INFO 12632 --- [main] com.alibaba.nacos.common.remote.client   : [e63bec18-c880-4ca8-848a-191da641798a] RpcClient init label, labels = {module=naming, source=sdk}
17:22:28:807  INFO 12632 --- [main] com.alibaba.nacos.common.remote.client   : [e63bec18-c880-4ca8-848a-191da641798a] RpcClient init, ServerListFactory = com.alibaba.nacos.client.naming.core.ServerListManager
17:22:28:807  INFO 12632 --- [main] com.alibaba.nacos.common.remote.client   : [e63bec18-c880-4ca8-848a-191da641798a] Registry connection listener to current client:com.alibaba.nacos.client.naming.remote.gprc.redo.NamingGrpcRedoService
17:22:28:807  INFO 12632 --- [main] com.alibaba.nacos.common.remote.client   : [e63bec18-c880-4ca8-848a-191da641798a] Register server push request handler:com.alibaba.nacos.client.naming.remote.gprc.NamingPushRequestHandler
17:22:28:808  INFO 12632 --- [main] com.alibaba.nacos.common.remote.client   : [e63bec18-c880-4ca8-848a-191da641798a] Try to connect to server on start up, server: {serverIp = '192.168.86.130', server main port = 8848}
17:22:29:558  INFO 12632 --- [main] com.alibaba.nacos.common.remote.client   : [e63bec18-c880-4ca8-848a-191da641798a] Success to connect to server [192.168.86.130:8848] on start up, connectionId = 1716628949840_192.168.86.131_51094
17:22:29:560  INFO 12632 --- [com.alibaba.nacos.client.remote.worker] com.alibaba.nacos.common.remote.client   : [e63bec18-c880-4ca8-848a-191da641798a] Notify connected event to listeners.
17:22:29:561  INFO 12632 --- [main] com.alibaba.nacos.common.remote.client   : [e63bec18-c880-4ca8-848a-191da641798a] Register server push request handler:com.alibaba.nacos.common.remote.client.RpcClient$ConnectResetRequestHandler
17:22:29:562  INFO 12632 --- [main] com.alibaba.nacos.common.remote.client   : [e63bec18-c880-4ca8-848a-191da641798a] Register server push request handler:com.alibaba.nacos.common.remote.client.RpcClient$$Lambda$989/0x00000249017fbee8
17:22:29:609  INFO 12632 --- [main] o.s.b.w.embedded.tomcat.TomcatWebServer  : Tomcat started on port(s): 8084 (http) with context path ''
17:22:29:621  INFO 12632 --- [main] c.a.c.n.registry.NacosServiceRegistry    : nacos registry, DEFAULT_GROUP user-service 192.168.86.131:8084 register finished
17:22:29:773  INFO 12632 --- [main] d.s.w.p.DocumentationPluginsBootstrapper : Documentation plugins bootstrapped
17:22:29:777  INFO 12632 --- [main] d.s.w.p.DocumentationPluginsBootstrapper : Found 1 custom documentation plugin(s)
17:22:29:795  INFO 12632 --- [main] s.d.s.w.s.ApiListingReferenceScanner     : Scanning for api listing references
17:22:29:877  INFO 12632 --- [main] com.hmall.user.UserApplication           : Started UserApplication in 4.262 seconds (JVM running for 4.722)
17:22:30:148  INFO 12632 --- [nacos-grpc-client-executor-9] com.alibaba.nacos.common.remote.client   : [e63bec18-c880-4ca8-848a-191da641798a] Receive server push request, request = NotifySubscriberRequest, requestId = 2
17:22:30:152  INFO 12632 --- [nacos-grpc-client-executor-9] com.alibaba.nacos.common.remote.client   : [e63bec18-c880-4ca8-848a-191da641798a] Ack server push request, request = NotifySubscriberRequest, requestId = 2
17:22:53:078  INFO 12632 --- [http-nio-8084-exec-1] o.a.c.c.C.[Tomcat].[localhost].[/]       : Initializing Spring DispatcherServlet 'dispatcherServlet'
17:22:53:079  INFO 12632 --- [http-nio-8084-exec-1] o.s.web.servlet.DispatcherServlet        : Initializing Servlet 'dispatcherServlet'
17:22:53:082  INFO 12632 --- [http-nio-8084-exec-1] o.s.web.servlet.DispatcherServlet        : Completed initialization in 3 ms
17:22:53:310  WARN 12632 --- [http-nio-8084-exec-1] c.b.m.c.t.support.ReflectLambdaMeta      : Unable to make field private final java.lang.Class java.lang.invoke.SerializedLambda.capturingClass accessible: module java.base does not "opens java.lang.invoke" to unnamed module @3eb738bb
17:22:53:331  INFO 12632 --- [http-nio-8084-exec-1] com.zaxxer.hikari.HikariDataSource       : HikariPool-1 - Starting...
17:22:53:670  INFO 12632 --- [http-nio-8084-exec-1] com.zaxxer.hikari.HikariDataSource       : HikariPool-1 - Start completed.
17:22:53:680 DEBUG 12632 --- [http-nio-8084-exec-1] c.h.user.mapper.UserMapper.selectList    : ==>  Preparing: SELECT id,username,password,phone,create_time,update_time,status,balance FROM user WHERE (username = ?)
17:22:53:712 DEBUG 12632 --- [http-nio-8084-exec-1] c.h.user.mapper.UserMapper.selectList    : ==> Parameters: jack(String)
17:22:53:752 DEBUG 12632 --- [http-nio-8084-exec-1] c.h.user.mapper.UserMapper.selectList    : <==      Total: 1
17:23:02:186  INFO 12632 --- [http-nio-8084-exec-2] c.h.user.service.impl.UserServiceImpl    : 开始扣款
17:23:02:192 DEBUG 12632 --- [http-nio-8084-exec-2] c.h.user.mapper.UserMapper.selectById    : ==>  Preparing: SELECT id,username,password,phone,create_time,update_time,status,balance FROM user WHERE id=?
17:23:02:193 DEBUG 12632 --- [http-nio-8084-exec-2] c.h.user.mapper.UserMapper.selectById    : ==> Parameters: null
17:23:02:195 DEBUG 12632 --- [http-nio-8084-exec-2] c.h.user.mapper.UserMapper.selectById    : <==      Total: 0
17:23:02:209 ERROR 12632 --- [http-nio-8084-exec-2] o.a.c.c.C.[.[.[/].[dispatcherServlet]    : Servlet.service() for servlet [dispatcherServlet] in context with path [] threw exception [Request processing failed; nested exception is com.hmall.common.exception.BizIllegalException: 用户不存在] with root cause

com.hmall.common.exception.BizIllegalException: 用户不存在
	at com.hmall.user.service.impl.UserServiceImpl.deductMoney(UserServiceImpl.java:73) ~[classes/:na]
	at com.hmall.user.service.impl.UserServiceImpl$$FastClassBySpringCGLIB$$da72bc39.invoke(<generated>) ~[classes/:na]
	at org.springframework.cglib.proxy.MethodProxy.invoke(MethodProxy.java:218) ~[spring-core-5.3.27.jar:5.3.27]
	at org.springframework.aop.framework.CglibAopProxy.invokeMethod(CglibAopProxy.java:386) ~[spring-aop-5.3.27.jar:5.3.27]
	at org.springframework.aop.framework.CglibAopProxy.access$000(CglibAopProxy.java:85) ~[spring-aop-5.3.27.jar:5.3.27]
	at org.springframework.aop.framework.CglibAopProxy$DynamicAdvisedInterceptor.intercept(CglibAopProxy.java:704) ~[spring-aop-5.3.27.jar:5.3.27]
	at com.hmall.user.service.impl.UserServiceImpl$$EnhancerBySpringCGLIB$$8d3c25a7.deductMoney(<generated>) ~[classes/:na]
	at com.hmall.user.controller.UserController.deductMoney(UserController.java:35) ~[classes/:na]
	at java.base/jdk.internal.reflect.DirectMethodHandleAccessor.invoke(DirectMethodHandleAccessor.java:104) ~[na:na]
	at java.base/java.lang.reflect.Method.invoke(Method.java:578) ~[na:na]
	at org.springframework.web.method.support.InvocableHandlerMethod.doInvoke(InvocableHandlerMethod.java:205) ~[spring-web-5.3.27.jar:5.3.27]
	at org.springframework.web.method.support.InvocableHandlerMethod.invokeForRequest(InvocableHandlerMethod.java:150) ~[spring-web-5.3.27.jar:5.3.27]
	at org.springframework.web.servlet.mvc.method.annotation.ServletInvocableHandlerMethod.invokeAndHandle(ServletInvocableHandlerMethod.java:117) ~[spring-webmvc-5.3.27.jar:5.3.27]
	at org.springframework.web.servlet.mvc.method.annotation.RequestMappingHandlerAdapter.invokeHandlerMethod(RequestMappingHandlerAdapter.java:895) ~[spring-webmvc-5.3.27.jar:5.3.27]
	at org.springframework.web.servlet.mvc.method.annotation.RequestMappingHandlerAdapter.handleInternal(RequestMappingHandlerAdapter.java:808) ~[spring-webmvc-5.3.27.jar:5.3.27]
	at org.springframework.web.servlet.mvc.method.AbstractHandlerMethodAdapter.handle(AbstractHandlerMethodAdapter.java:87) ~[spring-webmvc-5.3.27.jar:5.3.27]
	at org.springframework.web.servlet.DispatcherServlet.doDispatch(DispatcherServlet.java:1072) ~[spring-webmvc-5.3.27.jar:5.3.27]
	at org.springframework.web.servlet.DispatcherServlet.doService(DispatcherServlet.java:965) ~[spring-webmvc-5.3.27.jar:5.3.27]
	at org.springframework.web.servlet.FrameworkServlet.processRequest(FrameworkServlet.java:1006) ~[spring-webmvc-5.3.27.jar:5.3.27]
	at org.springframework.web.servlet.FrameworkServlet.doPut(FrameworkServlet.java:920) ~[spring-webmvc-5.3.27.jar:5.3.27]
	at javax.servlet.http.HttpServlet.service(HttpServlet.java:558) ~[tomcat-embed-core-9.0.75.jar:4.0.FR]
	at org.springframework.web.servlet.FrameworkServlet.service(FrameworkServlet.java:883) ~[spring-webmvc-5.3.27.jar:5.3.27]
	at javax.servlet.http.HttpServlet.service(HttpServlet.java:623) ~[tomcat-embed-core-9.0.75.jar:4.0.FR]
	at org.apache.catalina.core.ApplicationFilterChain.internalDoFilter(ApplicationFilterChain.java:209) ~[tomcat-embed-core-9.0.75.jar:9.0.75]
	at org.apache.catalina.core.ApplicationFilterChain.doFilter(ApplicationFilterChain.java:153) ~[tomcat-embed-core-9.0.75.jar:9.0.75]
	at org.apache.tomcat.websocket.server.WsFilter.doFilter(WsFilter.java:51) ~[tomcat-embed-websocket-9.0.75.jar:9.0.75]
	at org.apache.catalina.core.ApplicationFilterChain.internalDoFilter(ApplicationFilterChain.java:178) ~[tomcat-embed-core-9.0.75.jar:9.0.75]
	at org.apache.catalina.core.ApplicationFilterChain.doFilter(ApplicationFilterChain.java:153) ~[tomcat-embed-core-9.0.75.jar:9.0.75]
	at org.springframework.web.filter.RequestContextFilter.doFilterInternal(RequestContextFilter.java:100) ~[spring-web-5.3.27.jar:5.3.27]
	at org.springframework.web.filter.OncePerRequestFilter.doFilter(OncePerRequestFilter.java:117) ~[spring-web-5.3.27.jar:5.3.27]
	at org.apache.catalina.core.ApplicationFilterChain.internalDoFilter(ApplicationFilterChain.java:178) ~[tomcat-embed-core-9.0.75.jar:9.0.75]
	at org.apache.catalina.core.ApplicationFilterChain.doFilter(ApplicationFilterChain.java:153) ~[tomcat-embed-core-9.0.75.jar:9.0.75]
	at org.springframework.web.filter.FormContentFilter.doFilterInternal(FormContentFilter.java:93) ~[spring-web-5.3.27.jar:5.3.27]
	at org.springframework.web.filter.OncePerRequestFilter.doFilter(OncePerRequestFilter.java:117) ~[spring-web-5.3.27.jar:5.3.27]
	at org.apache.catalina.core.ApplicationFilterChain.internalDoFilter(ApplicationFilterChain.java:178) ~[tomcat-embed-core-9.0.75.jar:9.0.75]
	at org.apache.catalina.core.ApplicationFilterChain.doFilter(ApplicationFilterChain.java:153) ~[tomcat-embed-core-9.0.75.jar:9.0.75]
	at org.springframework.web.filter.CharacterEncodingFilter.doFilterInternal(CharacterEncodingFilter.java:201) ~[spring-web-5.3.27.jar:5.3.27]
	at org.springframework.web.filter.OncePerRequestFilter.doFilter(OncePerRequestFilter.java:117) ~[spring-web-5.3.27.jar:5.3.27]
	at org.apache.catalina.core.ApplicationFilterChain.internalDoFilter(ApplicationFilterChain.java:178) ~[tomcat-embed-core-9.0.75.jar:9.0.75]
	at org.apache.catalina.core.ApplicationFilterChain.doFilter(ApplicationFilterChain.java:153) ~[tomcat-embed-core-9.0.75.jar:9.0.75]
	at org.apache.catalina.core.StandardWrapperValve.invoke(StandardWrapperValve.java:167) ~[tomcat-embed-core-9.0.75.jar:9.0.75]
	at org.apache.catalina.core.StandardContextValve.invoke(StandardContextValve.java:90) ~[tomcat-embed-core-9.0.75.jar:9.0.75]
	at org.apache.catalina.authenticator.AuthenticatorBase.invoke(AuthenticatorBase.java:481) ~[tomcat-embed-core-9.0.75.jar:9.0.75]
	at org.apache.catalina.core.StandardHostValve.invoke(StandardHostValve.java:130) ~[tomcat-embed-core-9.0.75.jar:9.0.75]
	at org.apache.catalina.valves.ErrorReportValve.invoke(ErrorReportValve.java:93) ~[tomcat-embed-core-9.0.75.jar:9.0.75]
	at org.apache.catalina.core.StandardEngineValve.invoke(StandardEngineValve.java:74) ~[tomcat-embed-core-9.0.75.jar:9.0.75]
	at org.apache.catalina.connector.CoyoteAdapter.service(CoyoteAdapter.java:343) ~[tomcat-embed-core-9.0.75.jar:9.0.75]
	at org.apache.coyote.http11.Http11Processor.service(Http11Processor.java:390) ~[tomcat-embed-core-9.0.75.jar:9.0.75]
	at org.apache.coyote.AbstractProcessorLight.process(AbstractProcessorLight.java:63) ~[tomcat-embed-core-9.0.75.jar:9.0.75]
	at org.apache.coyote.AbstractProtocol$ConnectionHandler.process(AbstractProtocol.java:926) ~[tomcat-embed-core-9.0.75.jar:9.0.75]
	at org.apache.tomcat.util.net.NioEndpoint$SocketProcessor.doRun(NioEndpoint.java:1791) ~[tomcat-embed-core-9.0.75.jar:9.0.75]
	at org.apache.tomcat.util.net.SocketProcessorBase.run(SocketProcessorBase.java:52) ~[tomcat-embed-core-9.0.75.jar:9.0.75]
	at org.apache.tomcat.util.threads.ThreadPoolExecutor.runWorker(ThreadPoolExecutor.java:1191) ~[tomcat-embed-core-9.0.75.jar:9.0.75]
	at org.apache.tomcat.util.threads.ThreadPoolExecutor$Worker.run(ThreadPoolExecutor.java:659) ~[tomcat-embed-core-9.0.75.jar:9.0.75]
	at org.apache.tomcat.util.threads.TaskThread$WrappingRunnable.run(TaskThread.java:61) ~[tomcat-embed-core-9.0.75.jar:9.0.75]
	at java.base/java.lang.Thread.run(Thread.java:1623) ~[na:na]

17:28:00:655  INFO 12632 --- [http-nio-8084-exec-9] c.h.user.service.impl.UserServiceImpl    : 开始扣款
17:28:00:658 DEBUG 12632 --- [http-nio-8084-exec-9] c.h.user.mapper.UserMapper.selectById    : ==>  Preparing: SELECT id,username,password,phone,create_time,update_time,status,balance FROM user WHERE id=?
17:28:00:658 DEBUG 12632 --- [http-nio-8084-exec-9] c.h.user.mapper.UserMapper.selectById    : ==> Parameters: null
17:28:00:662 DEBUG 12632 --- [http-nio-8084-exec-9] c.h.user.mapper.UserMapper.selectById    : <==      Total: 0
17:28:00:664 ERROR 12632 --- [http-nio-8084-exec-9] o.a.c.c.C.[.[.[/].[dispatcherServlet]    : Servlet.service() for servlet [dispatcherServlet] in context with path [] threw exception [Request processing failed; nested exception is com.hmall.common.exception.BizIllegalException: 用户不存在] with root cause

com.hmall.common.exception.BizIllegalException: 用户不存在
	at com.hmall.user.service.impl.UserServiceImpl.deductMoney(UserServiceImpl.java:73) ~[classes/:na]
	at com.hmall.user.service.impl.UserServiceImpl$$FastClassBySpringCGLIB$$da72bc39.invoke(<generated>) ~[classes/:na]
	at org.springframework.cglib.proxy.MethodProxy.invoke(MethodProxy.java:218) ~[spring-core-5.3.27.jar:5.3.27]
	at org.springframework.aop.framework.CglibAopProxy.invokeMethod(CglibAopProxy.java:386) ~[spring-aop-5.3.27.jar:5.3.27]
	at org.springframework.aop.framework.CglibAopProxy.access$000(CglibAopProxy.java:85) ~[spring-aop-5.3.27.jar:5.3.27]
	at org.springframework.aop.framework.CglibAopProxy$DynamicAdvisedInterceptor.intercept(CglibAopProxy.java:704) ~[spring-aop-5.3.27.jar:5.3.27]
	at com.hmall.user.service.impl.UserServiceImpl$$EnhancerBySpringCGLIB$$8d3c25a7.deductMoney(<generated>) ~[classes/:na]
	at com.hmall.user.controller.UserController.deductMoney(UserController.java:35) ~[classes/:na]
	at java.base/jdk.internal.reflect.DirectMethodHandleAccessor.invoke(DirectMethodHandleAccessor.java:104) ~[na:na]
	at java.base/java.lang.reflect.Method.invoke(Method.java:578) ~[na:na]
	at org.springframework.web.method.support.InvocableHandlerMethod.doInvoke(InvocableHandlerMethod.java:205) ~[spring-web-5.3.27.jar:5.3.27]
	at org.springframework.web.method.support.InvocableHandlerMethod.invokeForRequest(InvocableHandlerMethod.java:150) ~[spring-web-5.3.27.jar:5.3.27]
	at org.springframework.web.servlet.mvc.method.annotation.ServletInvocableHandlerMethod.invokeAndHandle(ServletInvocableHandlerMethod.java:117) ~[spring-webmvc-5.3.27.jar:5.3.27]
	at org.springframework.web.servlet.mvc.method.annotation.RequestMappingHandlerAdapter.invokeHandlerMethod(RequestMappingHandlerAdapter.java:895) ~[spring-webmvc-5.3.27.jar:5.3.27]
	at org.springframework.web.servlet.mvc.method.annotation.RequestMappingHandlerAdapter.handleInternal(RequestMappingHandlerAdapter.java:808) ~[spring-webmvc-5.3.27.jar:5.3.27]
	at org.springframework.web.servlet.mvc.method.AbstractHandlerMethodAdapter.handle(AbstractHandlerMethodAdapter.java:87) ~[spring-webmvc-5.3.27.jar:5.3.27]
	at org.springframework.web.servlet.DispatcherServlet.doDispatch(DispatcherServlet.java:1072) ~[spring-webmvc-5.3.27.jar:5.3.27]
	at org.springframework.web.servlet.DispatcherServlet.doService(DispatcherServlet.java:965) ~[spring-webmvc-5.3.27.jar:5.3.27]
	at org.springframework.web.servlet.FrameworkServlet.processRequest(FrameworkServlet.java:1006) ~[spring-webmvc-5.3.27.jar:5.3.27]
	at org.springframework.web.servlet.FrameworkServlet.doPut(FrameworkServlet.java:920) ~[spring-webmvc-5.3.27.jar:5.3.27]
	at javax.servlet.http.HttpServlet.service(HttpServlet.java:558) ~[tomcat-embed-core-9.0.75.jar:4.0.FR]
	at org.springframework.web.servlet.FrameworkServlet.service(FrameworkServlet.java:883) ~[spring-webmvc-5.3.27.jar:5.3.27]
	at javax.servlet.http.HttpServlet.service(HttpServlet.java:623) ~[tomcat-embed-core-9.0.75.jar:4.0.FR]
	at org.apache.catalina.core.ApplicationFilterChain.internalDoFilter(ApplicationFilterChain.java:209) ~[tomcat-embed-core-9.0.75.jar:9.0.75]
	at org.apache.catalina.core.ApplicationFilterChain.doFilter(ApplicationFilterChain.java:153) ~[tomcat-embed-core-9.0.75.jar:9.0.75]
	at org.apache.tomcat.websocket.server.WsFilter.doFilter(WsFilter.java:51) ~[tomcat-embed-websocket-9.0.75.jar:9.0.75]
	at org.apache.catalina.core.ApplicationFilterChain.internalDoFilter(ApplicationFilterChain.java:178) ~[tomcat-embed-core-9.0.75.jar:9.0.75]
	at org.apache.catalina.core.ApplicationFilterChain.doFilter(ApplicationFilterChain.java:153) ~[tomcat-embed-core-9.0.75.jar:9.0.75]
	at org.springframework.web.filter.RequestContextFilter.doFilterInternal(RequestContextFilter.java:100) ~[spring-web-5.3.27.jar:5.3.27]
	at org.springframework.web.filter.OncePerRequestFilter.doFilter(OncePerRequestFilter.java:117) ~[spring-web-5.3.27.jar:5.3.27]
	at org.apache.catalina.core.ApplicationFilterChain.internalDoFilter(ApplicationFilterChain.java:178) ~[tomcat-embed-core-9.0.75.jar:9.0.75]
	at org.apache.catalina.core.ApplicationFilterChain.doFilter(ApplicationFilterChain.java:153) ~[tomcat-embed-core-9.0.75.jar:9.0.75]
	at org.springframework.web.filter.FormContentFilter.doFilterInternal(FormContentFilter.java:93) ~[spring-web-5.3.27.jar:5.3.27]
	at org.springframework.web.filter.OncePerRequestFilter.doFilter(OncePerRequestFilter.java:117) ~[spring-web-5.3.27.jar:5.3.27]
	at org.apache.catalina.core.ApplicationFilterChain.internalDoFilter(ApplicationFilterChain.java:178) ~[tomcat-embed-core-9.0.75.jar:9.0.75]
	at org.apache.catalina.core.ApplicationFilterChain.doFilter(ApplicationFilterChain.java:153) ~[tomcat-embed-core-9.0.75.jar:9.0.75]
	at org.springframework.web.filter.CharacterEncodingFilter.doFilterInternal(CharacterEncodingFilter.java:201) ~[spring-web-5.3.27.jar:5.3.27]
	at org.springframework.web.filter.OncePerRequestFilter.doFilter(OncePerRequestFilter.java:117) ~[spring-web-5.3.27.jar:5.3.27]
	at org.apache.catalina.core.ApplicationFilterChain.internalDoFilter(ApplicationFilterChain.java:178) ~[tomcat-embed-core-9.0.75.jar:9.0.75]
	at org.apache.catalina.core.ApplicationFilterChain.doFilter(ApplicationFilterChain.java:153) ~[tomcat-embed-core-9.0.75.jar:9.0.75]
	at org.apache.catalina.core.StandardWrapperValve.invoke(StandardWrapperValve.java:167) ~[tomcat-embed-core-9.0.75.jar:9.0.75]
	at org.apache.catalina.core.StandardContextValve.invoke(StandardContextValve.java:90) ~[tomcat-embed-core-9.0.75.jar:9.0.75]
	at org.apache.catalina.authenticator.AuthenticatorBase.invoke(AuthenticatorBase.java:481) ~[tomcat-embed-core-9.0.75.jar:9.0.75]
	at org.apache.catalina.core.StandardHostValve.invoke(StandardHostValve.java:130) ~[tomcat-embed-core-9.0.75.jar:9.0.75]
	at org.apache.catalina.valves.ErrorReportValve.invoke(ErrorReportValve.java:93) ~[tomcat-embed-core-9.0.75.jar:9.0.75]
	at org.apache.catalina.core.StandardEngineValve.invoke(StandardEngineValve.java:74) ~[tomcat-embed-core-9.0.75.jar:9.0.75]
	at org.apache.catalina.connector.CoyoteAdapter.service(CoyoteAdapter.java:343) ~[tomcat-embed-core-9.0.75.jar:9.0.75]
	at org.apache.coyote.http11.Http11Processor.service(Http11Processor.java:390) ~[tomcat-embed-core-9.0.75.jar:9.0.75]
	at org.apache.coyote.AbstractProcessorLight.process(AbstractProcessorLight.java:63) ~[tomcat-embed-core-9.0.75.jar:9.0.75]
	at org.apache.coyote.AbstractProtocol$ConnectionHandler.process(AbstractProtocol.java:926) ~[tomcat-embed-core-9.0.75.jar:9.0.75]
	at org.apache.tomcat.util.net.NioEndpoint$SocketProcessor.doRun(NioEndpoint.java:1791) ~[tomcat-embed-core-9.0.75.jar:9.0.75]
	at org.apache.tomcat.util.net.SocketProcessorBase.run(SocketProcessorBase.java:52) ~[tomcat-embed-core-9.0.75.jar:9.0.75]
	at org.apache.tomcat.util.threads.ThreadPoolExecutor.runWorker(ThreadPoolExecutor.java:1191) ~[tomcat-embed-core-9.0.75.jar:9.0.75]
	at org.apache.tomcat.util.threads.ThreadPoolExecutor$Worker.run(ThreadPoolExecutor.java:659) ~[tomcat-embed-core-9.0.75.jar:9.0.75]
	at org.apache.tomcat.util.threads.TaskThread$WrappingRunnable.run(TaskThread.java:61) ~[tomcat-embed-core-9.0.75.jar:9.0.75]
	at java.base/java.lang.Thread.run(Thread.java:1623) ~[na:na]

17:28:20:180 DEBUG 12632 --- [http-nio-8084-exec-7] c.h.user.mapper.UserMapper.selectList    : ==>  Preparing: SELECT id,username,password,phone,create_time,update_time,status,balance FROM user WHERE (username = ?)
17:28:20:180 DEBUG 12632 --- [http-nio-8084-exec-7] c.h.user.mapper.UserMapper.selectList    : ==> Parameters: jack(String)
17:28:20:182 DEBUG 12632 --- [http-nio-8084-exec-7] c.h.user.mapper.UserMapper.selectList    : <==      Total: 1
17:29:29:274  INFO 12632 --- [http-nio-8084-exec-3] c.h.user.service.impl.UserServiceImpl    : 开始扣款
17:29:29:276 DEBUG 12632 --- [http-nio-8084-exec-3] c.h.user.mapper.UserMapper.selectById    : ==>  Preparing: SELECT id,username,password,phone,create_time,update_time,status,balance FROM user WHERE id=?
17:29:29:276 DEBUG 12632 --- [http-nio-8084-exec-3] c.h.user.mapper.UserMapper.selectById    : ==> Parameters: null
17:29:29:278 DEBUG 12632 --- [http-nio-8084-exec-3] c.h.user.mapper.UserMapper.selectById    : <==      Total: 0
17:29:29:280 ERROR 12632 --- [http-nio-8084-exec-3] o.a.c.c.C.[.[.[/].[dispatcherServlet]    : Servlet.service() for servlet [dispatcherServlet] in context with path [] threw exception [Request processing failed; nested exception is com.hmall.common.exception.BizIllegalException: 用户不存在] with root cause

com.hmall.common.exception.BizIllegalException: 用户不存在
	at com.hmall.user.service.impl.UserServiceImpl.deductMoney(UserServiceImpl.java:73) ~[classes/:na]
	at com.hmall.user.service.impl.UserServiceImpl$$FastClassBySpringCGLIB$$da72bc39.invoke(<generated>) ~[classes/:na]
	at org.springframework.cglib.proxy.MethodProxy.invoke(MethodProxy.java:218) ~[spring-core-5.3.27.jar:5.3.27]
	at org.springframework.aop.framework.CglibAopProxy.invokeMethod(CglibAopProxy.java:386) ~[spring-aop-5.3.27.jar:5.3.27]
	at org.springframework.aop.framework.CglibAopProxy.access$000(CglibAopProxy.java:85) ~[spring-aop-5.3.27.jar:5.3.27]
	at org.springframework.aop.framework.CglibAopProxy$DynamicAdvisedInterceptor.intercept(CglibAopProxy.java:704) ~[spring-aop-5.3.27.jar:5.3.27]
	at com.hmall.user.service.impl.UserServiceImpl$$EnhancerBySpringCGLIB$$8d3c25a7.deductMoney(<generated>) ~[classes/:na]
	at com.hmall.user.controller.UserController.deductMoney(UserController.java:35) ~[classes/:na]
	at java.base/jdk.internal.reflect.DirectMethodHandleAccessor.invoke(DirectMethodHandleAccessor.java:104) ~[na:na]
	at java.base/java.lang.reflect.Method.invoke(Method.java:578) ~[na:na]
	at org.springframework.web.method.support.InvocableHandlerMethod.doInvoke(InvocableHandlerMethod.java:205) ~[spring-web-5.3.27.jar:5.3.27]
	at org.springframework.web.method.support.InvocableHandlerMethod.invokeForRequest(InvocableHandlerMethod.java:150) ~[spring-web-5.3.27.jar:5.3.27]
	at org.springframework.web.servlet.mvc.method.annotation.ServletInvocableHandlerMethod.invokeAndHandle(ServletInvocableHandlerMethod.java:117) ~[spring-webmvc-5.3.27.jar:5.3.27]
	at org.springframework.web.servlet.mvc.method.annotation.RequestMappingHandlerAdapter.invokeHandlerMethod(RequestMappingHandlerAdapter.java:895) ~[spring-webmvc-5.3.27.jar:5.3.27]
	at org.springframework.web.servlet.mvc.method.annotation.RequestMappingHandlerAdapter.handleInternal(RequestMappingHandlerAdapter.java:808) ~[spring-webmvc-5.3.27.jar:5.3.27]
	at org.springframework.web.servlet.mvc.method.AbstractHandlerMethodAdapter.handle(AbstractHandlerMethodAdapter.java:87) ~[spring-webmvc-5.3.27.jar:5.3.27]
	at org.springframework.web.servlet.DispatcherServlet.doDispatch(DispatcherServlet.java:1072) ~[spring-webmvc-5.3.27.jar:5.3.27]
	at org.springframework.web.servlet.DispatcherServlet.doService(DispatcherServlet.java:965) ~[spring-webmvc-5.3.27.jar:5.3.27]
	at org.springframework.web.servlet.FrameworkServlet.processRequest(FrameworkServlet.java:1006) ~[spring-webmvc-5.3.27.jar:5.3.27]
	at org.springframework.web.servlet.FrameworkServlet.doPut(FrameworkServlet.java:920) ~[spring-webmvc-5.3.27.jar:5.3.27]
	at javax.servlet.http.HttpServlet.service(HttpServlet.java:558) ~[tomcat-embed-core-9.0.75.jar:4.0.FR]
	at org.springframework.web.servlet.FrameworkServlet.service(FrameworkServlet.java:883) ~[spring-webmvc-5.3.27.jar:5.3.27]
	at javax.servlet.http.HttpServlet.service(HttpServlet.java:623) ~[tomcat-embed-core-9.0.75.jar:4.0.FR]
	at org.apache.catalina.core.ApplicationFilterChain.internalDoFilter(ApplicationFilterChain.java:209) ~[tomcat-embed-core-9.0.75.jar:9.0.75]
	at org.apache.catalina.core.ApplicationFilterChain.doFilter(ApplicationFilterChain.java:153) ~[tomcat-embed-core-9.0.75.jar:9.0.75]
	at org.apache.tomcat.websocket.server.WsFilter.doFilter(WsFilter.java:51) ~[tomcat-embed-websocket-9.0.75.jar:9.0.75]
	at org.apache.catalina.core.ApplicationFilterChain.internalDoFilter(ApplicationFilterChain.java:178) ~[tomcat-embed-core-9.0.75.jar:9.0.75]
	at org.apache.catalina.core.ApplicationFilterChain.doFilter(ApplicationFilterChain.java:153) ~[tomcat-embed-core-9.0.75.jar:9.0.75]
	at org.springframework.web.filter.RequestContextFilter.doFilterInternal(RequestContextFilter.java:100) ~[spring-web-5.3.27.jar:5.3.27]
	at org.springframework.web.filter.OncePerRequestFilter.doFilter(OncePerRequestFilter.java:117) ~[spring-web-5.3.27.jar:5.3.27]
	at org.apache.catalina.core.ApplicationFilterChain.internalDoFilter(ApplicationFilterChain.java:178) ~[tomcat-embed-core-9.0.75.jar:9.0.75]
	at org.apache.catalina.core.ApplicationFilterChain.doFilter(ApplicationFilterChain.java:153) ~[tomcat-embed-core-9.0.75.jar:9.0.75]
	at org.springframework.web.filter.FormContentFilter.doFilterInternal(FormContentFilter.java:93) ~[spring-web-5.3.27.jar:5.3.27]
	at org.springframework.web.filter.OncePerRequestFilter.doFilter(OncePerRequestFilter.java:117) ~[spring-web-5.3.27.jar:5.3.27]
	at org.apache.catalina.core.ApplicationFilterChain.internalDoFilter(ApplicationFilterChain.java:178) ~[tomcat-embed-core-9.0.75.jar:9.0.75]
	at org.apache.catalina.core.ApplicationFilterChain.doFilter(ApplicationFilterChain.java:153) ~[tomcat-embed-core-9.0.75.jar:9.0.75]
	at org.springframework.web.filter.CharacterEncodingFilter.doFilterInternal(CharacterEncodingFilter.java:201) ~[spring-web-5.3.27.jar:5.3.27]
	at org.springframework.web.filter.OncePerRequestFilter.doFilter(OncePerRequestFilter.java:117) ~[spring-web-5.3.27.jar:5.3.27]
	at org.apache.catalina.core.ApplicationFilterChain.internalDoFilter(ApplicationFilterChain.java:178) ~[tomcat-embed-core-9.0.75.jar:9.0.75]
	at org.apache.catalina.core.ApplicationFilterChain.doFilter(ApplicationFilterChain.java:153) ~[tomcat-embed-core-9.0.75.jar:9.0.75]
	at org.apache.catalina.core.StandardWrapperValve.invoke(StandardWrapperValve.java:167) ~[tomcat-embed-core-9.0.75.jar:9.0.75]
	at org.apache.catalina.core.StandardContextValve.invoke(StandardContextValve.java:90) ~[tomcat-embed-core-9.0.75.jar:9.0.75]
	at org.apache.catalina.authenticator.AuthenticatorBase.invoke(AuthenticatorBase.java:481) ~[tomcat-embed-core-9.0.75.jar:9.0.75]
	at org.apache.catalina.core.StandardHostValve.invoke(StandardHostValve.java:130) ~[tomcat-embed-core-9.0.75.jar:9.0.75]
	at org.apache.catalina.valves.ErrorReportValve.invoke(ErrorReportValve.java:93) ~[tomcat-embed-core-9.0.75.jar:9.0.75]
	at org.apache.catalina.core.StandardEngineValve.invoke(StandardEngineValve.java:74) ~[tomcat-embed-core-9.0.75.jar:9.0.75]
	at org.apache.catalina.connector.CoyoteAdapter.service(CoyoteAdapter.java:343) ~[tomcat-embed-core-9.0.75.jar:9.0.75]
	at org.apache.coyote.http11.Http11Processor.service(Http11Processor.java:390) ~[tomcat-embed-core-9.0.75.jar:9.0.75]
	at org.apache.coyote.AbstractProcessorLight.process(AbstractProcessorLight.java:63) ~[tomcat-embed-core-9.0.75.jar:9.0.75]
	at org.apache.coyote.AbstractProtocol$ConnectionHandler.process(AbstractProtocol.java:926) ~[tomcat-embed-core-9.0.75.jar:9.0.75]
	at org.apache.tomcat.util.net.NioEndpoint$SocketProcessor.doRun(NioEndpoint.java:1791) ~[tomcat-embed-core-9.0.75.jar:9.0.75]
	at org.apache.tomcat.util.net.SocketProcessorBase.run(SocketProcessorBase.java:52) ~[tomcat-embed-core-9.0.75.jar:9.0.75]
	at org.apache.tomcat.util.threads.ThreadPoolExecutor.runWorker(ThreadPoolExecutor.java:1191) ~[tomcat-embed-core-9.0.75.jar:9.0.75]
	at org.apache.tomcat.util.threads.ThreadPoolExecutor$Worker.run(ThreadPoolExecutor.java:659) ~[tomcat-embed-core-9.0.75.jar:9.0.75]
	at org.apache.tomcat.util.threads.TaskThread$WrappingRunnable.run(TaskThread.java:61) ~[tomcat-embed-core-9.0.75.jar:9.0.75]
	at java.base/java.lang.Thread.run(Thread.java:1623) ~[na:na]

17:33:10:014 DEBUG 12632 --- [http-nio-8084-exec-1] c.h.user.mapper.UserMapper.selectList    : ==>  Preparing: SELECT id,username,password,phone,create_time,update_time,status,balance FROM user WHERE (username = ?)
17:33:10:015 DEBUG 12632 --- [http-nio-8084-exec-1] c.h.user.mapper.UserMapper.selectList    : ==> Parameters: jack(String)
17:33:10:017 DEBUG 12632 --- [http-nio-8084-exec-1] c.h.user.mapper.UserMapper.selectList    : <==      Total: 1
17:33:13:173  INFO 12632 --- [http-nio-8084-exec-2] c.h.user.service.impl.UserServiceImpl    : 开始扣款
17:33:13:174 DEBUG 12632 --- [http-nio-8084-exec-2] c.h.user.mapper.UserMapper.selectById    : ==>  Preparing: SELECT id,username,password,phone,create_time,update_time,status,balance FROM user WHERE id=?
17:33:13:175 DEBUG 12632 --- [http-nio-8084-exec-2] c.h.user.mapper.UserMapper.selectById    : ==> Parameters: null
17:33:13:176 DEBUG 12632 --- [http-nio-8084-exec-2] c.h.user.mapper.UserMapper.selectById    : <==      Total: 0
17:33:13:178 ERROR 12632 --- [http-nio-8084-exec-2] o.a.c.c.C.[.[.[/].[dispatcherServlet]    : Servlet.service() for servlet [dispatcherServlet] in context with path [] threw exception [Request processing failed; nested exception is com.hmall.common.exception.BizIllegalException: 用户不存在] with root cause

com.hmall.common.exception.BizIllegalException: 用户不存在
	at com.hmall.user.service.impl.UserServiceImpl.deductMoney(UserServiceImpl.java:73) ~[classes/:na]
	at com.hmall.user.service.impl.UserServiceImpl$$FastClassBySpringCGLIB$$da72bc39.invoke(<generated>) ~[classes/:na]
	at org.springframework.cglib.proxy.MethodProxy.invoke(MethodProxy.java:218) ~[spring-core-5.3.27.jar:5.3.27]
	at org.springframework.aop.framework.CglibAopProxy.invokeMethod(CglibAopProxy.java:386) ~[spring-aop-5.3.27.jar:5.3.27]
	at org.springframework.aop.framework.CglibAopProxy.access$000(CglibAopProxy.java:85) ~[spring-aop-5.3.27.jar:5.3.27]
	at org.springframework.aop.framework.CglibAopProxy$DynamicAdvisedInterceptor.intercept(CglibAopProxy.java:704) ~[spring-aop-5.3.27.jar:5.3.27]
	at com.hmall.user.service.impl.UserServiceImpl$$EnhancerBySpringCGLIB$$8d3c25a7.deductMoney(<generated>) ~[classes/:na]
	at com.hmall.user.controller.UserController.deductMoney(UserController.java:35) ~[classes/:na]
	at java.base/jdk.internal.reflect.DirectMethodHandleAccessor.invoke(DirectMethodHandleAccessor.java:104) ~[na:na]
	at java.base/java.lang.reflect.Method.invoke(Method.java:578) ~[na:na]
	at org.springframework.web.method.support.InvocableHandlerMethod.doInvoke(InvocableHandlerMethod.java:205) ~[spring-web-5.3.27.jar:5.3.27]
	at org.springframework.web.method.support.InvocableHandlerMethod.invokeForRequest(InvocableHandlerMethod.java:150) ~[spring-web-5.3.27.jar:5.3.27]
	at org.springframework.web.servlet.mvc.method.annotation.ServletInvocableHandlerMethod.invokeAndHandle(ServletInvocableHandlerMethod.java:117) ~[spring-webmvc-5.3.27.jar:5.3.27]
	at org.springframework.web.servlet.mvc.method.annotation.RequestMappingHandlerAdapter.invokeHandlerMethod(RequestMappingHandlerAdapter.java:895) ~[spring-webmvc-5.3.27.jar:5.3.27]
	at org.springframework.web.servlet.mvc.method.annotation.RequestMappingHandlerAdapter.handleInternal(RequestMappingHandlerAdapter.java:808) ~[spring-webmvc-5.3.27.jar:5.3.27]
	at org.springframework.web.servlet.mvc.method.AbstractHandlerMethodAdapter.handle(AbstractHandlerMethodAdapter.java:87) ~[spring-webmvc-5.3.27.jar:5.3.27]
	at org.springframework.web.servlet.DispatcherServlet.doDispatch(DispatcherServlet.java:1072) ~[spring-webmvc-5.3.27.jar:5.3.27]
	at org.springframework.web.servlet.DispatcherServlet.doService(DispatcherServlet.java:965) ~[spring-webmvc-5.3.27.jar:5.3.27]
	at org.springframework.web.servlet.FrameworkServlet.processRequest(FrameworkServlet.java:1006) ~[spring-webmvc-5.3.27.jar:5.3.27]
	at org.springframework.web.servlet.FrameworkServlet.doPut(FrameworkServlet.java:920) ~[spring-webmvc-5.3.27.jar:5.3.27]
	at javax.servlet.http.HttpServlet.service(HttpServlet.java:558) ~[tomcat-embed-core-9.0.75.jar:4.0.FR]
	at org.springframework.web.servlet.FrameworkServlet.service(FrameworkServlet.java:883) ~[spring-webmvc-5.3.27.jar:5.3.27]
	at javax.servlet.http.HttpServlet.service(HttpServlet.java:623) ~[tomcat-embed-core-9.0.75.jar:4.0.FR]
	at org.apache.catalina.core.ApplicationFilterChain.internalDoFilter(ApplicationFilterChain.java:209) ~[tomcat-embed-core-9.0.75.jar:9.0.75]
	at org.apache.catalina.core.ApplicationFilterChain.doFilter(ApplicationFilterChain.java:153) ~[tomcat-embed-core-9.0.75.jar:9.0.75]
	at org.apache.tomcat.websocket.server.WsFilter.doFilter(WsFilter.java:51) ~[tomcat-embed-websocket-9.0.75.jar:9.0.75]
	at org.apache.catalina.core.ApplicationFilterChain.internalDoFilter(ApplicationFilterChain.java:178) ~[tomcat-embed-core-9.0.75.jar:9.0.75]
	at org.apache.catalina.core.ApplicationFilterChain.doFilter(ApplicationFilterChain.java:153) ~[tomcat-embed-core-9.0.75.jar:9.0.75]
	at org.springframework.web.filter.RequestContextFilter.doFilterInternal(RequestContextFilter.java:100) ~[spring-web-5.3.27.jar:5.3.27]
	at org.springframework.web.filter.OncePerRequestFilter.doFilter(OncePerRequestFilter.java:117) ~[spring-web-5.3.27.jar:5.3.27]
	at org.apache.catalina.core.ApplicationFilterChain.internalDoFilter(ApplicationFilterChain.java:178) ~[tomcat-embed-core-9.0.75.jar:9.0.75]
	at org.apache.catalina.core.ApplicationFilterChain.doFilter(ApplicationFilterChain.java:153) ~[tomcat-embed-core-9.0.75.jar:9.0.75]
	at org.springframework.web.filter.FormContentFilter.doFilterInternal(FormContentFilter.java:93) ~[spring-web-5.3.27.jar:5.3.27]
	at org.springframework.web.filter.OncePerRequestFilter.doFilter(OncePerRequestFilter.java:117) ~[spring-web-5.3.27.jar:5.3.27]
	at org.apache.catalina.core.ApplicationFilterChain.internalDoFilter(ApplicationFilterChain.java:178) ~[tomcat-embed-core-9.0.75.jar:9.0.75]
	at org.apache.catalina.core.ApplicationFilterChain.doFilter(ApplicationFilterChain.java:153) ~[tomcat-embed-core-9.0.75.jar:9.0.75]
	at org.springframework.web.filter.CharacterEncodingFilter.doFilterInternal(CharacterEncodingFilter.java:201) ~[spring-web-5.3.27.jar:5.3.27]
	at org.springframework.web.filter.OncePerRequestFilter.doFilter(OncePerRequestFilter.java:117) ~[spring-web-5.3.27.jar:5.3.27]
	at org.apache.catalina.core.ApplicationFilterChain.internalDoFilter(ApplicationFilterChain.java:178) ~[tomcat-embed-core-9.0.75.jar:9.0.75]
	at org.apache.catalina.core.ApplicationFilterChain.doFilter(ApplicationFilterChain.java:153) ~[tomcat-embed-core-9.0.75.jar:9.0.75]
	at org.apache.catalina.core.StandardWrapperValve.invoke(StandardWrapperValve.java:167) ~[tomcat-embed-core-9.0.75.jar:9.0.75]
	at org.apache.catalina.core.StandardContextValve.invoke(StandardContextValve.java:90) ~[tomcat-embed-core-9.0.75.jar:9.0.75]
	at org.apache.catalina.authenticator.AuthenticatorBase.invoke(AuthenticatorBase.java:481) ~[tomcat-embed-core-9.0.75.jar:9.0.75]
	at org.apache.catalina.core.StandardHostValve.invoke(StandardHostValve.java:130) ~[tomcat-embed-core-9.0.75.jar:9.0.75]
	at org.apache.catalina.valves.ErrorReportValve.invoke(ErrorReportValve.java:93) ~[tomcat-embed-core-9.0.75.jar:9.0.75]
	at org.apache.catalina.core.StandardEngineValve.invoke(StandardEngineValve.java:74) ~[tomcat-embed-core-9.0.75.jar:9.0.75]
	at org.apache.catalina.connector.CoyoteAdapter.service(CoyoteAdapter.java:343) ~[tomcat-embed-core-9.0.75.jar:9.0.75]
	at org.apache.coyote.http11.Http11Processor.service(Http11Processor.java:390) ~[tomcat-embed-core-9.0.75.jar:9.0.75]
	at org.apache.coyote.AbstractProcessorLight.process(AbstractProcessorLight.java:63) ~[tomcat-embed-core-9.0.75.jar:9.0.75]
	at org.apache.coyote.AbstractProtocol$ConnectionHandler.process(AbstractProtocol.java:926) ~[tomcat-embed-core-9.0.75.jar:9.0.75]
	at org.apache.tomcat.util.net.NioEndpoint$SocketProcessor.doRun(NioEndpoint.java:1791) ~[tomcat-embed-core-9.0.75.jar:9.0.75]
	at org.apache.tomcat.util.net.SocketProcessorBase.run(SocketProcessorBase.java:52) ~[tomcat-embed-core-9.0.75.jar:9.0.75]
	at org.apache.tomcat.util.threads.ThreadPoolExecutor.runWorker(ThreadPoolExecutor.java:1191) ~[tomcat-embed-core-9.0.75.jar:9.0.75]
	at org.apache.tomcat.util.threads.ThreadPoolExecutor$Worker.run(ThreadPoolExecutor.java:659) ~[tomcat-embed-core-9.0.75.jar:9.0.75]
	at org.apache.tomcat.util.threads.TaskThread$WrappingRunnable.run(TaskThread.java:61) ~[tomcat-embed-core-9.0.75.jar:9.0.75]
	at java.base/java.lang.Thread.run(Thread.java:1623) ~[na:na]

17:33:20:393  WARN 12632 --- [Thread-4] c.a.nacos.common.notify.NotifyCenter     : [NotifyCenter] Start destroying Publisher
17:33:20:393  WARN 12632 --- [Thread-7] c.a.n.common.http.HttpClientBeanHolder   : [HttpClientBeanHolder] Start destroying common HttpClient
17:33:20:393  WARN 12632 --- [Thread-4] c.a.nacos.common.notify.NotifyCenter     : [NotifyCenter] Destruction of the end
17:33:20:394  WARN 12632 --- [Thread-7] c.a.n.common.http.HttpClientBeanHolder   : [HttpClientBeanHolder] Destruction of the end
17:33:20:419  INFO 12632 --- [SpringApplicationShutdownHook] c.a.c.n.registry.NacosServiceRegistry    : De-registering from Nacos Server now...
17:33:20:423  INFO 12632 --- [SpringApplicationShutdownHook] c.a.c.n.registry.NacosServiceRegistry    : De-registration finished.
17:33:20:748  INFO 12632 --- [SpringApplicationShutdownHook] com.alibaba.nacos.common.remote.client   : Shutdown rpc client, set status to shutdown
17:33:20:748  INFO 12632 --- [SpringApplicationShutdownHook] com.alibaba.nacos.common.remote.client   : Shutdown client event executor java.util.concurrent.ScheduledThreadPoolExecutor@1fd0ae78[Running, pool size = 2, active threads = 2, queued tasks = 0, completed tasks = 0]
17:33:20:748  INFO 12632 --- [SpringApplicationShutdownHook] com.alibaba.nacos.common.remote.client   : Close current connection 1716628949840_192.168.86.131_51094
17:33:20:751  INFO 12632 --- [nacos-grpc-client-executor-155] c.a.n.c.remote.client.grpc.GrpcClient    : [1716628949840_192.168.86.131_51094]Ignore complete event,isRunning:false,isAbandon=false
17:33:20:752  INFO 12632 --- [SpringApplicationShutdownHook] c.a.n.c.remote.client.grpc.GrpcClient    : Shutdown grpc executor java.util.concurrent.ThreadPoolExecutor@1acc768[Running, pool size = 5, active threads = 0, queued tasks = 0, completed tasks = 156]
17:33:20:756  INFO 12632 --- [SpringApplicationShutdownHook] com.zaxxer.hikari.HikariDataSource       : HikariPool-1 - Shutdown initiated...
17:33:20:766  INFO 12632 --- [SpringApplicationShutdownHook] com.zaxxer.hikari.HikariDataSource       : HikariPool-1 - Shutdown completed.
17:33:23:664  INFO 26076 --- [main] com.hmall.user.UserApplication           : Starting UserApplication using Java 20.0.2 on LAPTOP-PL8KLKL2 with PID 26076 (D:\IDEA\workspace\hmall\user-service\target\classes started by pengmouren in D:\IDEA\workspace\hmall)
17:33:23:664 DEBUG 26076 --- [main] com.hmall.user.UserApplication           : Running with Spring Boot v2.7.12, Spring v5.3.27
17:33:23:665  INFO 26076 --- [main] com.hmall.user.UserApplication           : The following 1 profile is active: "local"
17:33:24:355  INFO 26076 --- [main] o.s.cloud.context.scope.GenericScope     : BeanFactory id=7ba786e5-df82-3b20-9e79-96b4da5ffa4d
17:33:24:663  INFO 26076 --- [main] o.s.b.w.embedded.tomcat.TomcatWebServer  : Tomcat initialized with port(s): 8084 (http)
17:33:24:664  INFO 26076 --- [main] o.a.catalina.core.AprLifecycleListener   : Loaded Apache Tomcat Native library [2.0.7] using APR version [1.7.4].
17:33:24:664  INFO 26076 --- [main] o.a.catalina.core.AprLifecycleListener   : APR capabilities: IPv6 [true], sendfile [true], accept filters [false], random [true], UDS [true].
17:33:24:664  INFO 26076 --- [main] o.a.catalina.core.AprLifecycleListener   : APR/OpenSSL configuration: useAprConnector [false], useOpenSSL [true]
17:33:24:668  INFO 26076 --- [main] o.a.catalina.core.AprLifecycleListener   : OpenSSL successfully initialized [OpenSSL 3.0.13 30 Jan 2024]
17:33:24:674  INFO 26076 --- [main] o.apache.catalina.core.StandardService   : Starting service [Tomcat]
17:33:24:674  INFO 26076 --- [main] org.apache.catalina.core.StandardEngine  : Starting Servlet engine: [Apache Tomcat/9.0.75]
17:33:24:777  INFO 26076 --- [main] o.a.c.c.C.[Tomcat].[localhost].[/]       : Initializing Spring embedded WebApplicationContext
17:33:24:777  INFO 26076 --- [main] w.s.c.ServletWebServerApplicationContext : Root WebApplicationContext: initialization completed in 1084 ms
17:33:25:923  INFO 26076 --- [main] pertySourcedRequestMappingHandlerMapping : Mapped URL path [/v2/api-docs] onto method [springfox.documentation.swagger2.web.Swagger2ControllerWebMvc#getDocumentation(String, HttpServletRequest)]
17:33:26:277  INFO 26076 --- [main] com.alibaba.nacos.common.remote.client   : [RpcClientFactory] create a new rpc client of 1c4d99b9-307c-4ecd-b16f-21d9c1d3e7b1
17:33:26:333  INFO 26076 --- [main] org.reflections.Reflections              : Reflections took 32 ms to scan 1 urls, producing 3 keys and 6 values 
17:33:26:353  INFO 26076 --- [main] org.reflections.Reflections              : Reflections took 7 ms to scan 1 urls, producing 4 keys and 9 values 
17:33:26:360  INFO 26076 --- [main] org.reflections.Reflections              : Reflections took 5 ms to scan 1 urls, producing 3 keys and 10 values 
17:33:26:364  WARN 26076 --- [main] org.reflections.Reflections              : given scan urls are empty. set urls in the configuration
17:33:26:369  INFO 26076 --- [main] org.reflections.Reflections              : Reflections took 5 ms to scan 1 urls, producing 1 keys and 5 values 
17:33:26:376  INFO 26076 --- [main] org.reflections.Reflections              : Reflections took 5 ms to scan 1 urls, producing 1 keys and 7 values 
17:33:26:382  INFO 26076 --- [main] org.reflections.Reflections              : Reflections took 4 ms to scan 1 urls, producing 2 keys and 8 values 
17:33:26:384  WARN 26076 --- [main] org.reflections.Reflections              : given scan urls are empty. set urls in the configuration
17:33:26:384  INFO 26076 --- [main] com.alibaba.nacos.common.remote.client   : [1c4d99b9-307c-4ecd-b16f-21d9c1d3e7b1] RpcClient init label, labels = {module=naming, source=sdk}
17:33:26:386  INFO 26076 --- [main] com.alibaba.nacos.common.remote.client   : [1c4d99b9-307c-4ecd-b16f-21d9c1d3e7b1] RpcClient init, ServerListFactory = com.alibaba.nacos.client.naming.core.ServerListManager
17:33:26:386  INFO 26076 --- [main] com.alibaba.nacos.common.remote.client   : [1c4d99b9-307c-4ecd-b16f-21d9c1d3e7b1] Registry connection listener to current client:com.alibaba.nacos.client.naming.remote.gprc.redo.NamingGrpcRedoService
17:33:26:386  INFO 26076 --- [main] com.alibaba.nacos.common.remote.client   : [1c4d99b9-307c-4ecd-b16f-21d9c1d3e7b1] Register server push request handler:com.alibaba.nacos.client.naming.remote.gprc.NamingPushRequestHandler
17:33:26:388  INFO 26076 --- [main] com.alibaba.nacos.common.remote.client   : [1c4d99b9-307c-4ecd-b16f-21d9c1d3e7b1] Try to connect to server on start up, server: {serverIp = '192.168.86.130', server main port = 8848}
17:33:32:256  WARN 26076 --- [Thread-7] c.a.n.common.http.HttpClientBeanHolder   : [HttpClientBeanHolder] Start destroying common HttpClient
17:33:32:256  WARN 26076 --- [Thread-4] c.a.nacos.common.notify.NotifyCenter     : [NotifyCenter] Start destroying Publisher
17:33:32:256  WARN 26076 --- [Thread-4] c.a.nacos.common.notify.NotifyCenter     : [NotifyCenter] Destruction of the end
17:33:32:256  WARN 26076 --- [Thread-7] c.a.n.common.http.HttpClientBeanHolder   : [HttpClientBeanHolder] Destruction of the end
17:33:33:011  INFO 26076 --- [main] com.alibaba.nacos.common.remote.client   : [1c4d99b9-307c-4ecd-b16f-21d9c1d3e7b1] Success to connect to server [192.168.86.130:8848] on start up, connectionId = 1716629613285_192.168.86.131_51271
17:33:33:014  INFO 26076 --- [com.alibaba.nacos.client.remote.worker] com.alibaba.nacos.common.remote.client   : [1c4d99b9-307c-4ecd-b16f-21d9c1d3e7b1] Notify connected event to listeners.
17:33:33:015  INFO 26076 --- [main] com.alibaba.nacos.common.remote.client   : [1c4d99b9-307c-4ecd-b16f-21d9c1d3e7b1] Register server push request handler:com.alibaba.nacos.common.remote.client.RpcClient$ConnectResetRequestHandler
17:33:33:016  INFO 26076 --- [main] com.alibaba.nacos.common.remote.client   : [1c4d99b9-307c-4ecd-b16f-21d9c1d3e7b1] Register server push request handler:com.alibaba.nacos.common.remote.client.RpcClient$$Lambda$990/0x000002019fbef990
17:33:33:061  INFO 26076 --- [main] o.s.b.w.embedded.tomcat.TomcatWebServer  : Tomcat started on port(s): 8084 (http) with context path ''
17:33:33:075  INFO 26076 --- [main] c.a.c.n.registry.NacosServiceRegistry    : nacos registry, DEFAULT_GROUP user-service 192.168.86.131:8084 register finished
17:33:33:248  INFO 26076 --- [main] d.s.w.p.DocumentationPluginsBootstrapper : Documentation plugins bootstrapped
17:33:33:251  INFO 26076 --- [main] d.s.w.p.DocumentationPluginsBootstrapper : Found 1 custom documentation plugin(s)
17:33:33:267  INFO 26076 --- [main] s.d.s.w.s.ApiListingReferenceScanner     : Scanning for api listing references
17:33:33:342  INFO 26076 --- [main] com.hmall.user.UserApplication           : Started UserApplication in 10.21 seconds (JVM running for 11.516)
17:33:33:370  INFO 26076 --- [SpringApplicationShutdownHook] c.a.c.n.registry.NacosServiceRegistry    : De-registering from Nacos Server now...
17:33:33:375  INFO 26076 --- [SpringApplicationShutdownHook] c.a.c.n.registry.NacosServiceRegistry    : De-registration finished.
17:33:33:628  INFO 26076 --- [nacos-grpc-client-executor-10] com.alibaba.nacos.common.remote.client   : [1c4d99b9-307c-4ecd-b16f-21d9c1d3e7b1] Receive server push request, request = NotifySubscriberRequest, requestId = 5
17:33:33:629  INFO 26076 --- [nacos-grpc-client-executor-10] com.alibaba.nacos.common.remote.client   : [1c4d99b9-307c-4ecd-b16f-21d9c1d3e7b1] Ack server push request, request = NotifySubscriberRequest, requestId = 5
17:33:34:031  INFO 26076 --- [SpringApplicationShutdownHook] com.alibaba.nacos.common.remote.client   : Shutdown rpc client, set status to shutdown
17:33:34:031  INFO 26076 --- [SpringApplicationShutdownHook] com.alibaba.nacos.common.remote.client   : Shutdown client event executor java.util.concurrent.ScheduledThreadPoolExecutor@35f6f105[Running, pool size = 2, active threads = 2, queued tasks = 0, completed tasks = 0]
17:33:34:031  INFO 26076 --- [SpringApplicationShutdownHook] com.alibaba.nacos.common.remote.client   : Close current connection 1716629613285_192.168.86.131_51271
17:33:34:035  INFO 26076 --- [nacos-grpc-client-executor-11] c.a.n.c.remote.client.grpc.GrpcClient    : [1716629613285_192.168.86.131_51271]Ignore complete event,isRunning:false,isAbandon=false
17:33:34:038  INFO 26076 --- [SpringApplicationShutdownHook] c.a.n.c.remote.client.grpc.GrpcClient    : Shutdown grpc executor java.util.concurrent.ThreadPoolExecutor@574327ed[Running, pool size = 12, active threads = 0, queued tasks = 0, completed tasks = 12]
17:33:36:137  INFO 25544 --- [main] com.hmall.user.UserApplication           : Starting UserApplication using Java 20.0.2 on LAPTOP-PL8KLKL2 with PID 25544 (D:\IDEA\workspace\hmall\user-service\target\classes started by pengmouren in D:\IDEA\workspace\hmall)
17:33:36:139 DEBUG 25544 --- [main] com.hmall.user.UserApplication           : Running with Spring Boot v2.7.12, Spring v5.3.27
17:33:36:139  INFO 25544 --- [main] com.hmall.user.UserApplication           : The following 1 profile is active: "local"
17:33:36:790  INFO 25544 --- [main] o.s.cloud.context.scope.GenericScope     : BeanFactory id=7ba786e5-df82-3b20-9e79-96b4da5ffa4d
17:33:37:078  INFO 25544 --- [main] o.s.b.w.embedded.tomcat.TomcatWebServer  : Tomcat initialized with port(s): 8084 (http)
17:33:37:079  INFO 25544 --- [main] o.a.catalina.core.AprLifecycleListener   : Loaded Apache Tomcat Native library [2.0.7] using APR version [1.7.4].
17:33:37:080  INFO 25544 --- [main] o.a.catalina.core.AprLifecycleListener   : APR capabilities: IPv6 [true], sendfile [true], accept filters [false], random [true], UDS [true].
17:33:37:080  INFO 25544 --- [main] o.a.catalina.core.AprLifecycleListener   : APR/OpenSSL configuration: useAprConnector [false], useOpenSSL [true]
17:33:37:084  INFO 25544 --- [main] o.a.catalina.core.AprLifecycleListener   : OpenSSL successfully initialized [OpenSSL 3.0.13 30 Jan 2024]
17:33:37:091  INFO 25544 --- [main] o.apache.catalina.core.StandardService   : Starting service [Tomcat]
17:33:37:091  INFO 25544 --- [main] org.apache.catalina.core.StandardEngine  : Starting Servlet engine: [Apache Tomcat/9.0.75]
17:33:37:195  INFO 25544 --- [main] o.a.c.c.C.[Tomcat].[localhost].[/]       : Initializing Spring embedded WebApplicationContext
17:33:37:195  INFO 25544 --- [main] w.s.c.ServletWebServerApplicationContext : Root WebApplicationContext: initialization completed in 1024 ms
17:33:38:288  INFO 25544 --- [main] pertySourcedRequestMappingHandlerMapping : Mapped URL path [/v2/api-docs] onto method [springfox.documentation.swagger2.web.Swagger2ControllerWebMvc#getDocumentation(String, HttpServletRequest)]
17:33:38:659  INFO 25544 --- [main] com.alibaba.nacos.common.remote.client   : [RpcClientFactory] create a new rpc client of 0a35a82b-9682-4758-8185-86f201e909cf
17:33:38:702  INFO 25544 --- [main] org.reflections.Reflections              : Reflections took 21 ms to scan 1 urls, producing 3 keys and 6 values 
17:33:38:722  INFO 25544 --- [main] org.reflections.Reflections              : Reflections took 8 ms to scan 1 urls, producing 4 keys and 9 values 
17:33:38:733  INFO 25544 --- [main] org.reflections.Reflections              : Reflections took 9 ms to scan 1 urls, producing 3 keys and 10 values 
17:33:38:735  WARN 25544 --- [main] org.reflections.Reflections              : given scan urls are empty. set urls in the configuration
17:33:38:741  INFO 25544 --- [main] org.reflections.Reflections              : Reflections took 6 ms to scan 1 urls, producing 1 keys and 5 values 
17:33:38:756  INFO 25544 --- [main] org.reflections.Reflections              : Reflections took 13 ms to scan 1 urls, producing 1 keys and 7 values 
17:33:38:764  INFO 25544 --- [main] org.reflections.Reflections              : Reflections took 6 ms to scan 1 urls, producing 2 keys and 8 values 
17:33:38:765  WARN 25544 --- [main] org.reflections.Reflections              : given scan urls are empty. set urls in the configuration
17:33:38:766  INFO 25544 --- [main] com.alibaba.nacos.common.remote.client   : [0a35a82b-9682-4758-8185-86f201e909cf] RpcClient init label, labels = {module=naming, source=sdk}
17:33:38:768  INFO 25544 --- [main] com.alibaba.nacos.common.remote.client   : [0a35a82b-9682-4758-8185-86f201e909cf] RpcClient init, ServerListFactory = com.alibaba.nacos.client.naming.core.ServerListManager
17:33:38:768  INFO 25544 --- [main] com.alibaba.nacos.common.remote.client   : [0a35a82b-9682-4758-8185-86f201e909cf] Registry connection listener to current client:com.alibaba.nacos.client.naming.remote.gprc.redo.NamingGrpcRedoService
17:33:38:768  INFO 25544 --- [main] com.alibaba.nacos.common.remote.client   : [0a35a82b-9682-4758-8185-86f201e909cf] Register server push request handler:com.alibaba.nacos.client.naming.remote.gprc.NamingPushRequestHandler
17:33:38:770  INFO 25544 --- [main] com.alibaba.nacos.common.remote.client   : [0a35a82b-9682-4758-8185-86f201e909cf] Try to connect to server on start up, server: {serverIp = '192.168.86.130', server main port = 8848}
17:33:39:590  INFO 25544 --- [main] com.alibaba.nacos.common.remote.client   : [0a35a82b-9682-4758-8185-86f201e909cf] Success to connect to server [192.168.86.130:8848] on start up, connectionId = 1716629619868_192.168.86.131_51278
17:33:39:593  INFO 25544 --- [com.alibaba.nacos.client.remote.worker] com.alibaba.nacos.common.remote.client   : [0a35a82b-9682-4758-8185-86f201e909cf] Notify connected event to listeners.
17:33:39:593  INFO 25544 --- [main] com.alibaba.nacos.common.remote.client   : [0a35a82b-9682-4758-8185-86f201e909cf] Register server push request handler:com.alibaba.nacos.common.remote.client.RpcClient$ConnectResetRequestHandler
17:33:39:594  INFO 25544 --- [main] com.alibaba.nacos.common.remote.client   : [0a35a82b-9682-4758-8185-86f201e909cf] Register server push request handler:com.alibaba.nacos.common.remote.client.RpcClient$$Lambda$989/0x000002ad817e5368
17:33:39:645  INFO 25544 --- [main] o.s.b.w.embedded.tomcat.TomcatWebServer  : Tomcat started on port(s): 8084 (http) with context path ''
17:33:39:659  INFO 25544 --- [main] c.a.c.n.registry.NacosServiceRegistry    : nacos registry, DEFAULT_GROUP user-service 192.168.86.131:8084 register finished
17:33:39:851  INFO 25544 --- [main] d.s.w.p.DocumentationPluginsBootstrapper : Documentation plugins bootstrapped
17:33:39:854  INFO 25544 --- [main] d.s.w.p.DocumentationPluginsBootstrapper : Found 1 custom documentation plugin(s)
17:33:39:873  INFO 25544 --- [main] s.d.s.w.s.ApiListingReferenceScanner     : Scanning for api listing references
17:33:39:947  INFO 25544 --- [main] com.hmall.user.UserApplication           : Started UserApplication in 4.296 seconds (JVM running for 4.791)
17:33:40:150  INFO 25544 --- [nacos-grpc-client-executor-9] com.alibaba.nacos.common.remote.client   : [0a35a82b-9682-4758-8185-86f201e909cf] Receive server push request, request = NotifySubscriberRequest, requestId = 6
17:33:40:154  INFO 25544 --- [nacos-grpc-client-executor-9] com.alibaba.nacos.common.remote.client   : [0a35a82b-9682-4758-8185-86f201e909cf] Ack server push request, request = NotifySubscriberRequest, requestId = 6
17:33:43:994  INFO 25544 --- [http-nio-8084-exec-1] o.a.c.c.C.[Tomcat].[localhost].[/]       : Initializing Spring DispatcherServlet 'dispatcherServlet'
17:33:43:995  INFO 25544 --- [http-nio-8084-exec-1] o.s.web.servlet.DispatcherServlet        : Initializing Servlet 'dispatcherServlet'
17:33:43:996  INFO 25544 --- [http-nio-8084-exec-1] o.s.web.servlet.DispatcherServlet        : Completed initialization in 1 ms
17:33:44:220  WARN 25544 --- [http-nio-8084-exec-1] c.b.m.c.t.support.ReflectLambdaMeta      : Unable to make field private final java.lang.Class java.lang.invoke.SerializedLambda.capturingClass accessible: module java.base does not "opens java.lang.invoke" to unnamed module @3eb738bb
17:33:44:241  INFO 25544 --- [http-nio-8084-exec-1] com.zaxxer.hikari.HikariDataSource       : HikariPool-1 - Starting...
17:33:44:547  INFO 25544 --- [http-nio-8084-exec-1] com.zaxxer.hikari.HikariDataSource       : HikariPool-1 - Start completed.
17:33:44:558 DEBUG 25544 --- [http-nio-8084-exec-1] c.h.user.mapper.UserMapper.selectList    : ==>  Preparing: SELECT id,username,password,phone,create_time,update_time,status,balance FROM user WHERE (username = ?)
17:33:44:590 DEBUG 25544 --- [http-nio-8084-exec-1] c.h.user.mapper.UserMapper.selectList    : ==> Parameters: jack(String)
17:33:44:625 DEBUG 25544 --- [http-nio-8084-exec-1] c.h.user.mapper.UserMapper.selectList    : <==      Total: 1
17:34:31:594  INFO 25544 --- [http-nio-8084-exec-2] c.h.user.service.impl.UserServiceImpl    : 开始扣款
17:34:31:597 DEBUG 25544 --- [http-nio-8084-exec-2] c.h.user.mapper.UserMapper.selectById    : ==>  Preparing: SELECT id,username,password,phone,create_time,update_time,status,balance FROM user WHERE id=?
17:34:31:598 DEBUG 25544 --- [http-nio-8084-exec-2] c.h.user.mapper.UserMapper.selectById    : ==> Parameters: null
17:34:31:600 DEBUG 25544 --- [http-nio-8084-exec-2] c.h.user.mapper.UserMapper.selectById    : <==      Total: 0
17:34:31:609 ERROR 25544 --- [http-nio-8084-exec-2] o.a.c.c.C.[.[.[/].[dispatcherServlet]    : Servlet.service() for servlet [dispatcherServlet] in context with path [] threw exception [Request processing failed; nested exception is com.hmall.common.exception.BizIllegalException: 用户不存在] with root cause

com.hmall.common.exception.BizIllegalException: 用户不存在
	at com.hmall.user.service.impl.UserServiceImpl.deductMoney(UserServiceImpl.java:73) ~[classes/:na]
	at com.hmall.user.service.impl.UserServiceImpl$$FastClassBySpringCGLIB$$da72bc39.invoke(<generated>) ~[classes/:na]
	at org.springframework.cglib.proxy.MethodProxy.invoke(MethodProxy.java:218) ~[spring-core-5.3.27.jar:5.3.27]
	at org.springframework.aop.framework.CglibAopProxy.invokeMethod(CglibAopProxy.java:386) ~[spring-aop-5.3.27.jar:5.3.27]
	at org.springframework.aop.framework.CglibAopProxy.access$000(CglibAopProxy.java:85) ~[spring-aop-5.3.27.jar:5.3.27]
	at org.springframework.aop.framework.CglibAopProxy$DynamicAdvisedInterceptor.intercept(CglibAopProxy.java:704) ~[spring-aop-5.3.27.jar:5.3.27]
	at com.hmall.user.service.impl.UserServiceImpl$$EnhancerBySpringCGLIB$$776d0e5b.deductMoney(<generated>) ~[classes/:na]
	at com.hmall.user.controller.UserController.deductMoney(UserController.java:35) ~[classes/:na]
	at java.base/jdk.internal.reflect.DirectMethodHandleAccessor.invoke(DirectMethodHandleAccessor.java:104) ~[na:na]
	at java.base/java.lang.reflect.Method.invoke(Method.java:578) ~[na:na]
	at org.springframework.web.method.support.InvocableHandlerMethod.doInvoke(InvocableHandlerMethod.java:205) ~[spring-web-5.3.27.jar:5.3.27]
	at org.springframework.web.method.support.InvocableHandlerMethod.invokeForRequest(InvocableHandlerMethod.java:150) ~[spring-web-5.3.27.jar:5.3.27]
	at org.springframework.web.servlet.mvc.method.annotation.ServletInvocableHandlerMethod.invokeAndHandle(ServletInvocableHandlerMethod.java:117) ~[spring-webmvc-5.3.27.jar:5.3.27]
	at org.springframework.web.servlet.mvc.method.annotation.RequestMappingHandlerAdapter.invokeHandlerMethod(RequestMappingHandlerAdapter.java:895) ~[spring-webmvc-5.3.27.jar:5.3.27]
	at org.springframework.web.servlet.mvc.method.annotation.RequestMappingHandlerAdapter.handleInternal(RequestMappingHandlerAdapter.java:808) ~[spring-webmvc-5.3.27.jar:5.3.27]
	at org.springframework.web.servlet.mvc.method.AbstractHandlerMethodAdapter.handle(AbstractHandlerMethodAdapter.java:87) ~[spring-webmvc-5.3.27.jar:5.3.27]
	at org.springframework.web.servlet.DispatcherServlet.doDispatch(DispatcherServlet.java:1072) ~[spring-webmvc-5.3.27.jar:5.3.27]
	at org.springframework.web.servlet.DispatcherServlet.doService(DispatcherServlet.java:965) ~[spring-webmvc-5.3.27.jar:5.3.27]
	at org.springframework.web.servlet.FrameworkServlet.processRequest(FrameworkServlet.java:1006) ~[spring-webmvc-5.3.27.jar:5.3.27]
	at org.springframework.web.servlet.FrameworkServlet.doPut(FrameworkServlet.java:920) ~[spring-webmvc-5.3.27.jar:5.3.27]
	at javax.servlet.http.HttpServlet.service(HttpServlet.java:558) ~[tomcat-embed-core-9.0.75.jar:4.0.FR]
	at org.springframework.web.servlet.FrameworkServlet.service(FrameworkServlet.java:883) ~[spring-webmvc-5.3.27.jar:5.3.27]
	at javax.servlet.http.HttpServlet.service(HttpServlet.java:623) ~[tomcat-embed-core-9.0.75.jar:4.0.FR]
	at org.apache.catalina.core.ApplicationFilterChain.internalDoFilter(ApplicationFilterChain.java:209) ~[tomcat-embed-core-9.0.75.jar:9.0.75]
	at org.apache.catalina.core.ApplicationFilterChain.doFilter(ApplicationFilterChain.java:153) ~[tomcat-embed-core-9.0.75.jar:9.0.75]
	at org.apache.tomcat.websocket.server.WsFilter.doFilter(WsFilter.java:51) ~[tomcat-embed-websocket-9.0.75.jar:9.0.75]
	at org.apache.catalina.core.ApplicationFilterChain.internalDoFilter(ApplicationFilterChain.java:178) ~[tomcat-embed-core-9.0.75.jar:9.0.75]
	at org.apache.catalina.core.ApplicationFilterChain.doFilter(ApplicationFilterChain.java:153) ~[tomcat-embed-core-9.0.75.jar:9.0.75]
	at org.springframework.web.filter.RequestContextFilter.doFilterInternal(RequestContextFilter.java:100) ~[spring-web-5.3.27.jar:5.3.27]
	at org.springframework.web.filter.OncePerRequestFilter.doFilter(OncePerRequestFilter.java:117) ~[spring-web-5.3.27.jar:5.3.27]
	at org.apache.catalina.core.ApplicationFilterChain.internalDoFilter(ApplicationFilterChain.java:178) ~[tomcat-embed-core-9.0.75.jar:9.0.75]
	at org.apache.catalina.core.ApplicationFilterChain.doFilter(ApplicationFilterChain.java:153) ~[tomcat-embed-core-9.0.75.jar:9.0.75]
	at org.springframework.web.filter.FormContentFilter.doFilterInternal(FormContentFilter.java:93) ~[spring-web-5.3.27.jar:5.3.27]
	at org.springframework.web.filter.OncePerRequestFilter.doFilter(OncePerRequestFilter.java:117) ~[spring-web-5.3.27.jar:5.3.27]
	at org.apache.catalina.core.ApplicationFilterChain.internalDoFilter(ApplicationFilterChain.java:178) ~[tomcat-embed-core-9.0.75.jar:9.0.75]
	at org.apache.catalina.core.ApplicationFilterChain.doFilter(ApplicationFilterChain.java:153) ~[tomcat-embed-core-9.0.75.jar:9.0.75]
	at org.springframework.web.filter.CharacterEncodingFilter.doFilterInternal(CharacterEncodingFilter.java:201) ~[spring-web-5.3.27.jar:5.3.27]
	at org.springframework.web.filter.OncePerRequestFilter.doFilter(OncePerRequestFilter.java:117) ~[spring-web-5.3.27.jar:5.3.27]
	at org.apache.catalina.core.ApplicationFilterChain.internalDoFilter(ApplicationFilterChain.java:178) ~[tomcat-embed-core-9.0.75.jar:9.0.75]
	at org.apache.catalina.core.ApplicationFilterChain.doFilter(ApplicationFilterChain.java:153) ~[tomcat-embed-core-9.0.75.jar:9.0.75]
	at org.apache.catalina.core.StandardWrapperValve.invoke(StandardWrapperValve.java:167) ~[tomcat-embed-core-9.0.75.jar:9.0.75]
	at org.apache.catalina.core.StandardContextValve.invoke(StandardContextValve.java:90) ~[tomcat-embed-core-9.0.75.jar:9.0.75]
	at org.apache.catalina.authenticator.AuthenticatorBase.invoke(AuthenticatorBase.java:481) ~[tomcat-embed-core-9.0.75.jar:9.0.75]
	at org.apache.catalina.core.StandardHostValve.invoke(StandardHostValve.java:130) ~[tomcat-embed-core-9.0.75.jar:9.0.75]
	at org.apache.catalina.valves.ErrorReportValve.invoke(ErrorReportValve.java:93) ~[tomcat-embed-core-9.0.75.jar:9.0.75]
	at org.apache.catalina.core.StandardEngineValve.invoke(StandardEngineValve.java:74) ~[tomcat-embed-core-9.0.75.jar:9.0.75]
	at org.apache.catalina.connector.CoyoteAdapter.service(CoyoteAdapter.java:343) ~[tomcat-embed-core-9.0.75.jar:9.0.75]
	at org.apache.coyote.http11.Http11Processor.service(Http11Processor.java:390) ~[tomcat-embed-core-9.0.75.jar:9.0.75]
	at org.apache.coyote.AbstractProcessorLight.process(AbstractProcessorLight.java:63) ~[tomcat-embed-core-9.0.75.jar:9.0.75]
	at org.apache.coyote.AbstractProtocol$ConnectionHandler.process(AbstractProtocol.java:926) ~[tomcat-embed-core-9.0.75.jar:9.0.75]
	at org.apache.tomcat.util.net.NioEndpoint$SocketProcessor.doRun(NioEndpoint.java:1791) ~[tomcat-embed-core-9.0.75.jar:9.0.75]
	at org.apache.tomcat.util.net.SocketProcessorBase.run(SocketProcessorBase.java:52) ~[tomcat-embed-core-9.0.75.jar:9.0.75]
	at org.apache.tomcat.util.threads.ThreadPoolExecutor.runWorker(ThreadPoolExecutor.java:1191) ~[tomcat-embed-core-9.0.75.jar:9.0.75]
	at org.apache.tomcat.util.threads.ThreadPoolExecutor$Worker.run(ThreadPoolExecutor.java:659) ~[tomcat-embed-core-9.0.75.jar:9.0.75]
	at org.apache.tomcat.util.threads.TaskThread$WrappingRunnable.run(TaskThread.java:61) ~[tomcat-embed-core-9.0.75.jar:9.0.75]
	at java.base/java.lang.Thread.run(Thread.java:1623) ~[na:na]

18:01:39:189  WARN 25544 --- [http-nio-8084-exec-4] .w.s.m.s.DefaultHandlerExceptionResolver : Resolved [org.springframework.web.HttpRequestMethodNotSupportedException: Request method 'GET' not supported]
18:02:13:381 DEBUG 25544 --- [http-nio-8084-exec-7] c.h.user.mapper.UserMapper.selectList    : ==>  Preparing: SELECT id,username,password,phone,create_time,update_time,status,balance FROM user WHERE (username = ?)
18:02:13:381 DEBUG 25544 --- [http-nio-8084-exec-7] c.h.user.mapper.UserMapper.selectList    : ==> Parameters: jack(String)
18:02:13:383 DEBUG 25544 --- [http-nio-8084-exec-7] c.h.user.mapper.UserMapper.selectList    : <==      Total: 1
20:55:07:402  WARN 25544 --- [Thread-7] c.a.n.common.http.HttpClientBeanHolder   : [HttpClientBeanHolder] Start destroying common HttpClient
20:55:07:402  WARN 25544 --- [Thread-4] c.a.nacos.common.notify.NotifyCenter     : [NotifyCenter] Start destroying Publisher
20:55:07:405  WARN 25544 --- [Thread-4] c.a.nacos.common.notify.NotifyCenter     : [NotifyCenter] Destruction of the end
20:55:07:406  WARN 25544 --- [Thread-7] c.a.n.common.http.HttpClientBeanHolder   : [HttpClientBeanHolder] Destruction of the end
20:55:07:520  INFO 25544 --- [SpringApplicationShutdownHook] c.a.c.n.registry.NacosServiceRegistry    : De-registering from Nacos Server now...
20:55:07:526  INFO 25544 --- [SpringApplicationShutdownHook] c.a.c.n.registry.NacosServiceRegistry    : De-registration finished.
20:55:07:851  INFO 25544 --- [SpringApplicationShutdownHook] com.alibaba.nacos.common.remote.client   : Shutdown rpc client, set status to shutdown
20:55:07:851  INFO 25544 --- [SpringApplicationShutdownHook] com.alibaba.nacos.common.remote.client   : Shutdown client event executor java.util.concurrent.ScheduledThreadPoolExecutor@4a2dbcfc[Running, pool size = 2, active threads = 2, queued tasks = 0, completed tasks = 0]
20:55:07:851  INFO 25544 --- [SpringApplicationShutdownHook] com.alibaba.nacos.common.remote.client   : Close current connection 1716629619868_192.168.86.131_51278
20:55:07:854  INFO 25544 --- [nacos-grpc-client-executor-2430] c.a.n.c.remote.client.grpc.GrpcClient    : [1716629619868_192.168.86.131_51278]Ignore complete event,isRunning:false,isAbandon=false
20:55:07:860  INFO 25544 --- [SpringApplicationShutdownHook] c.a.n.c.remote.client.grpc.GrpcClient    : Shutdown grpc executor java.util.concurrent.ThreadPoolExecutor@6fd97fd1[Running, pool size = 5, active threads = 0, queued tasks = 0, completed tasks = 2431]
20:55:07:865  INFO 25544 --- [SpringApplicationShutdownHook] com.zaxxer.hikari.HikariDataSource       : HikariPool-1 - Shutdown initiated...
20:55:07:876  INFO 25544 --- [SpringApplicationShutdownHook] com.zaxxer.hikari.HikariDataSource       : HikariPool-1 - Shutdown completed.
